#
# A fatal error has been detected by the Java Runtime Environment:
#
#  EXCEPTION_ACCESS_VIOLATION (0xc0000005) at pc=0x00007fff52543e06, pid=17396, tid=10340
#
# JRE version: OpenJDK Runtime Environment Microsoft-40648 (11.0.16.1+1) (build 11.0.16.1+1-LTS)
# Java VM: OpenJDK 64-Bit Server VM Microsoft-40648 (11.0.16.1+1-LTS, mixed mode, tiered, compressed oops, g1 gc, windows-amd64)
# Problematic frame:
# V  [jvm.dll+0x193e06]
#
# No core dump will be written. Minidumps are not enabled by default on client versions of Windows
#
# If you would like to submit a bug report, please visit:
#   https://github.com/microsoft/openjdk/issues
#

---------------  S U M M A R Y ------------

Command Line: -Xmx1G com.android.tools.r8.D8 --release --min-api 21 --output obj\Release\130\android\bin\ --lib D:\Android\android-sdk\platforms\android-33\android.jar obj\Release\130\android\bin\classes.zip C:\Program Files\Microsoft Visual Studio\2022\Community\Common7\IDE\ReferenceAssemblies\Microsoft\Framework\MonoAndroid\v13.0\mono.android.jar C:\Program Files\Microsoft Visual Studio\2022\Community\MSBuild\Xamarin\Android\\java_runtime.jar C:\Users\devRichard\.nuget\packages\xamarin.google.guava.listenablefuture\1.0.0.2\buildTransitive\monoandroid50\guava-listenablefuture.jar C:\Users\devRichard\.nuget\packages\xamarin.androidx.annotation\1.2.0.1\buildTransitive\monoandroid90\..\..\jar\androidx.annotation.annotation.jar C:\Users\devRichard\.nuget\packages\xamarin.androidx.collection\1.1.0.8\buildTransitive\monoandroid90\..\..\jar\androidx.collection.collection.jar C:\Users\devRichard\.nuget\packages\xamarin.androidx.lifecycle.common\2.3.1.1\buildTransitive\monoandroid90\..\..\jar\androidx.lifecycle.lifecycle-common.jar C:\Users\devRichard\.nuget\packages\xamarin.androidx.arch.core.common\2.1.0.9\buildTransitive\monoandroid90\..\..\jar\androidx.arch.core.core-common.jar C:\Users\devRichard\.nuget\packages\xamarin.androidx.constraintlayout.core\1.0.0\buildTransitive\monoandroid90\..\..\jar\androidx.constraintlayout.constraintlayout-core.jar C:\Users\devRichard\.nuget\packages\xamarin.androidx.concurrent.futures\1.1.0.3\buildTransitive\monoandroid90\..\..\jar\androidx.concurrent.concurrent-futures.jar obj\Release\130\lp\0\jl\formsviewgroup.jar obj\Release\130\lp\100\jl\classes.jar obj\Release\130\lp\101\jl\classes.jar obj\Release\130\lp\103\jl\classes.jar obj\Release\130\lp\58\jl\classes.jar obj\Release\130\lp\59\jl\classes.jar obj\Release\130\lp\60\jl\classes.jar obj\Release\130\lp\61\jl\classes.jar obj\Release\130\lp\62\jl\classes.jar obj\Release\130\lp\63\jl\classes.jar obj\Release\130\lp\64\jl\classes.jar obj\Release\130\lp\65\jl\classes.jar obj\Release\130\lp\66\jl\classes.jar obj\Release\130\lp\67\jl\classes.jar obj\Release\130\lp\68\jl\classes.jar obj\Release\130\lp\69\jl\classes.jar obj\Release\130\lp\70\jl\classes.jar obj\Release\130\lp\71\jl\classes.jar obj\Release\130\lp\72\jl\classes.jar obj\Release\130\lp\73\jl\classes.jar obj\Release\130\lp\74\jl\classes.jar obj\Release\130\lp\75\jl\classes.jar obj\Release\130\lp\76\jl\classes.jar obj\Release\130\lp\77\jl\classes.jar obj\Release\130\lp\78\jl\classes.jar obj\Release\130\lp\79\jl\classes.jar obj\Release\130\lp\80\jl\classes.jar obj\Release\130\lp\81\jl\classes.jar obj\Release\130\lp\82\jl\classes.jar obj\Release\130\lp\83\jl\classes.jar obj\Release\130\lp\84\jl\classes.jar obj\Release\130\lp\85\jl\classes.jar obj\Release\130\lp\86\jl\classes.jar obj\Release\130\lp\87\jl\classes.jar obj\Release\130\lp\88\jl\classes.jar obj\Release\130\lp\89\jl\classes.jar obj\Release\130\lp\90\jl\classes.jar obj\Release\130\lp\91\jl\classes.jar obj\Release\130\lp\92\jl\classes.jar obj\Release\130\lp\93\jl\classes.jar obj\Release\130\lp\94\jl\classes.jar obj\Release\130\lp\95\jl\classes.jar obj\Release\130\lp\96\jl\classes.jar obj\Release\130\lp\97\jl\classes.jar obj\Release\130\lp\98\jl\classes.jar obj\Release\130\lp\99\jl\classes.jar

Host: Intel(R) Core(TM) i5-3470 CPU @ 3.20GHz, 4 cores, 9G,  Windows 10 , 64 bit Build 19041 (10.0.19041.3570)
Time: Tue Oct 24 10:20:55 2023 Hora est. Pacífico, Sudamérica elapsed time: 8.347417 seconds (0d 0h 0m 8s)

---------------  T H R E A D  ---------------

Current thread (0x000002461dd4c800):  ConcurrentGCThread "G1 Conc#0" [stack: 0x000000e165600000,0x000000e165700000] [id=10340]

Stack: [0x000000e165600000,0x000000e165700000],  sp=0x000000e1656ffac8,  free space=1022k
Native frames: (J=compiled Java code, j=interpreted, Vv=VM code, C=native code)
V  [jvm.dll+0x193e06]


siginfo: EXCEPTION_ACCESS_VIOLATION (0xc0000005), reading address 0x0000000000000070


Register to memory mapping:

RIP=0x00007fff52543e06 jvm.dll
RAX=0x1111111111111111 is an unknown value
RBX=0x1111111111111111 is an unknown value
RCX=0x00000000c36f2bd8 is pointing into object: com.android.tools.r8.graph.P0 
{0x00000000c36f2bc0} - klass: 'com/android/tools/r8/graph/P0'
RDX=0x00000000c36f2bd8 is pointing into object: com.android.tools.r8.graph.P0 
{0x00000000c36f2bc0} - klass: 'com/android/tools/r8/graph/P0'
RSP=0x000000e1656ffac8 points into unknown readable memory: 0x00007fff526967ad | ad 67 69 52 ff 7f 00 00
RBP=0x0 is NULL
RSI=0x0800000000000001 is an unknown value
RDI=0x00000000c36f2bd8 is pointing into object: com.android.tools.r8.graph.P0 
{0x00000000c36f2bc0} - klass: 'com/android/tools/r8/graph/P0'
R8 =0x1111111111111111 is an unknown value
R9 =0x0000000000000068 is an unknown value
R10=0x000002461dd8e7d0 points into unknown readable memory: 0x00007fff52c78f78 | 78 8f c7 52 ff 7f 00 00
R11=0x346dc5d63886594b is an unknown value
R12=0x0 is NULL
R13=0x0 is NULL
R14=0x0000024636b4bca8 points into unknown readable memory: 0x1911111111111111 | 11 11 11 11 11 11 11 19
R15=0x000002461dd454a0 points into unknown readable memory: 0x000002461dd4a000 | 00 a0 d4 1d 46 02 00 00


Registers:
RAX=0x1111111111111111, RBX=0x1111111111111111, RCX=0x00000000c36f2bd8, RDX=0x00000000c36f2bd8
RSP=0x000000e1656ffac8, RBP=0x0000000000000000, RSI=0x0800000000000001, RDI=0x00000000c36f2bd8
R8 =0x1111111111111111, R9 =0x0000000000000068, R10=0x000002461dd8e7d0, R11=0x346dc5d63886594b
R12=0x0000000000000000, R13=0x0000000000000000, R14=0x0000024636b4bca8, R15=0x000002461dd454a0
RIP=0x00007fff52543e06, EFLAGS=0x0000000000010202

Top of Stack: (sp=0x000000e1656ffac8)
0x000000e1656ffac8:   00007fff526967ad 01da068da9c2157d
0x000000e1656ffad8:   00007fff526967ad 0000000000000000
0x000000e1656ffae8:   000000000017d784 00000000c4d458c0
0x000000e1656ffaf8:   000002461dd4f5d0 00000000c36f2bd8
0x000000e1656ffb08:   00007fff52696592 000002461dd4f490
0x000000e1656ffb18:   0000000100183888 0000000100183890
0x000000e1656ffb28:   000000e1656ffcc8 00000000c4d458d8
0x000000e1656ffb38:   00007fff5268e45d 0000000000000003
0x000000e1656ffb48:   00000000c4d458d4 000000000000000a
0x000000e1656ffb58:   00000000c4d4584c 000002461dd4d201
0x000000e1656ffb68:   000002461dd454f0 0000000100183528
0x000000e1656ffb78:   00007fff5268e011 0000000000000003
0x000000e1656ffb88:   000000e1656ffcc8 00000000c4d458c0
0x000000e1656ffb98:   000002461dd4f490 000002461dd4f490
0x000000e1656ffba8:   00007fff526a134e 00000000c4d458c0
0x000000e1656ffbb8:   000000e1656ffc70 000000e1656ffc70 

Instructions: (pc=0x00007fff52543e06)
0x00007fff52543d06:   eb 04 48 8b 43 08 81 78 08 00 00 00 c0 73 7d 48
0x00007fff52543d16:   8b 4f 38 48 8b d3 48 8b 01 ff 50 20 84 c0 75 6c
0x00007fff52543d26:   38 05 75 02 92 00 74 15 8b 53 08 8b 0d 21 4a 8d
0x00007fff52543d36:   00 48 d3 e2 48 03 15 0f 4a 8d 00 eb 04 48 8b 53
0x00007fff52543d46:   08 48 8b cb 48 89 5c 24 20 e8 ac 00 00 00 80 7f
0x00007fff52543d56:   30 00 48 63 c8 48 89 4c 24 28 0f 28 44 24 20 74
0x00007fff52543d66:   17 0f 11 86 98 03 00 00 48 8b 5c 24 40 48 8b 74
0x00007fff52543d76:   24 48 48 83 c4 30 5f c3 48 8b 07 48 8d 54 24 20
0x00007fff52543d86:   48 8b cf 66 0f 7f 44 24 20 ff 50 38 48 8b 5c 24
0x00007fff52543d96:   40 48 8b 74 24 48 48 83 c4 30 5f c3 cc cc cc cc
0x00007fff52543da6:   cc cc cc cc cc cc cc cc cc cc 48 8b 49 38 48 8b
0x00007fff52543db6:   01 48 ff 60 28 cc cc cc cc cc 80 3d da 01 92 00
0x00007fff52543dc6:   00 48 8b c1 74 1b 8b 51 08 8b 0d 83 49 8d 00 48
0x00007fff52543dd6:   d3 e2 48 8b c8 48 03 15 6e 49 8d 00 e9 19 00 00
0x00007fff52543de6:   00 48 8b 51 08 48 8b c8 e9 0d 00 00 00 cc cc cc
0x00007fff52543df6:   cc cc cc cc cc cc cc cc cc cc 4c 8b ca 48 8b d1
0x00007fff52543e06:   45 8b 41 08 45 85 c0 7e 0e 41 f6 c0 01 75 56 41
0x00007fff52543e16:   c1 f8 03 41 8b c0 c3 79 4c 80 3d 7b 01 92 00 00
0x00007fff52543e26:   b8 0c 00 00 00 b9 10 00 00 00 0f 45 c8 8b 05 3b
0x00007fff52543e36:   79 8b 00 ff c8 4c 63 c8 48 63 14 11 41 8b c8 83
0x00007fff52543e46:   e1 3f 48 d3 e2 41 8b c8 48 c1 f9 10 0f b6 c1 49
0x00007fff52543e56:   8d 0c 11 49 f7 d1 48 03 c1 49 c1 e9 03 48 c1 e8
0x00007fff52543e66:   03 41 23 c1 c3 49 8b 01 49 8b c9 48 ff a0 10 01
0x00007fff52543e76:   00 00 cc cc cc cc cc cc cc cc 48 8b c2 c3 cc cc
0x00007fff52543e86:   cc cc cc cc cc cc cc cc cc cc 48 83 ec 38 48 8b
0x00007fff52543e96:   c1 48 8b 49 38 80 79 08 00 74 04 48 8b 48 38 0f
0x00007fff52543ea6:   10 02 48 8d 54 24 20 0f 29 44 24 20 e8 09 f0 ff
0x00007fff52543eb6:   ff 48 83 c4 38 c3 cc cc cc cc 48 83 ec 38 0f 10
0x00007fff52543ec6:   02 48 8b 01 48 8d 54 24 20 0f 29 44 24 20 ff 50
0x00007fff52543ed6:   38 48 83 c4 38 c3 cc cc cc cc 48 89 5c 24 08 55
0x00007fff52543ee6:   56 57 41 54 41 55 41 56 41 57 48 8d 6c 24 e0 48
0x00007fff52543ef6:   81 ec 20 01 00 00 48 8b 05 65 d1 8e 00 48 33 c4 


Stack slot to memory mapping:
stack at sp + 0 slots: 0x00007fff526967ad jvm.dll
stack at sp + 1 slots: 0x01da068da9c2157d is an unknown value
stack at sp + 2 slots: 0x00007fff526967ad jvm.dll
stack at sp + 3 slots: 0x0 is NULL
stack at sp + 4 slots: 0x000000000017d784 is an unknown value
stack at sp + 5 slots: 0x00000000c4d458c0 is an oop: com.android.tools.r8.internal.G7 
{0x00000000c4d458c0} - klass: 'com/android/tools/r8/internal/G7'
stack at sp + 6 slots: 0x000002461dd4f5d0 points into unknown readable memory: 0x00007fff52cb2dd0 | d0 2d cb 52 ff 7f 00 00
stack at sp + 7 slots: 0x00000000c36f2bd8 is pointing into object: com.android.tools.r8.graph.P0 
{0x00000000c36f2bc0} - klass: 'com/android/tools/r8/graph/P0'


---------------  P R O C E S S  ---------------

Threads class SMR info:
_java_thread_list=0x000002463cb5d830, length=13, elements={
0x000002461dd15000, 0x0000024639f74000, 0x0000024639f75800, 0x0000024639f7f000,
0x0000024639f81000, 0x0000024639f83000, 0x0000024639f86800, 0x0000024639f8a800,
0x0000024639f9e000, 0x000002463aa6a800, 0x000002463afa2800, 0x000002463afa3800,
0x000002463b0d5000
}

Java Threads: ( => current thread )
  0x000002461dd15000 JavaThread "main" [_thread_blocked, id=13248, stack(0x000000e165300000,0x000000e165400000)]
  0x0000024639f74000 JavaThread "Reference Handler" daemon [_thread_blocked, id=15624, stack(0x000000e165a00000,0x000000e165b00000)]
  0x0000024639f75800 JavaThread "Finalizer" daemon [_thread_blocked, id=15456, stack(0x000000e165b00000,0x000000e165c00000)]
  0x0000024639f7f000 JavaThread "Signal Dispatcher" daemon [_thread_blocked, id=16572, stack(0x000000e165c00000,0x000000e165d00000)]
  0x0000024639f81000 JavaThread "Attach Listener" daemon [_thread_blocked, id=16576, stack(0x000000e165d00000,0x000000e165e00000)]
  0x0000024639f83000 JavaThread "Service Thread" daemon [_thread_blocked, id=16592, stack(0x000000e165e00000,0x000000e165f00000)]
  0x0000024639f86800 JavaThread "C2 CompilerThread0" daemon [_thread_in_native, id=14144, stack(0x000000e165f00000,0x000000e166000000)]
  0x0000024639f8a800 JavaThread "C1 CompilerThread0" daemon [_thread_blocked, id=4868, stack(0x000000e166000000,0x000000e166100000)]
  0x0000024639f9e000 JavaThread "Sweeper thread" daemon [_thread_blocked, id=16396, stack(0x000000e166100000,0x000000e166200000)]
  0x000002463aa6a800 JavaThread "Common-Cleaner" daemon [_thread_blocked, id=16632, stack(0x000000e166300000,0x000000e166400000)]
  0x000002463afa2800 JavaThread "ForkJoinPool-1-worker-3" daemon [_thread_in_Java, id=11032, stack(0x000000e166700000,0x000000e166800000)]
  0x000002463afa3800 JavaThread "ForkJoinPool-1-worker-1" daemon [_thread_in_Java, id=16708, stack(0x000000e166800000,0x000000e166900000)]
  0x000002463b0d5000 JavaThread "C2 CompilerThread1" daemon [_thread_in_native, id=16776, stack(0x000000e166900000,0x000000e166a00000)]

Other Threads:
  0x0000024639f62000 VMThread "VM Thread" [stack: 0x000000e165900000,0x000000e165a00000] [id=16408]
  0x000002463aa5c800 WatcherThread [stack: 0x000000e166200000,0x000000e166300000] [id=688]
  0x000002461dd2c000 GCTaskThread "GC Thread#0" [stack: 0x000000e165400000,0x000000e165500000] [id=13604]
  0x000002463ab6b000 GCTaskThread "GC Thread#1" [stack: 0x000000e166400000,0x000000e166500000] [id=8604]
  0x000002463ae9d800 GCTaskThread "GC Thread#2" [stack: 0x000000e166500000,0x000000e166600000] [id=15444]
  0x000002463c17e000 GCTaskThread "GC Thread#3" [stack: 0x000000e166c00000,0x000000e166d00000] [id=16836]
  0x000002461dd4a000 ConcurrentGCThread "G1 Main Marker" [stack: 0x000000e165500000,0x000000e165600000] [id=8200]
=>0x000002461dd4c800 ConcurrentGCThread "G1 Conc#0" [stack: 0x000000e165600000,0x000000e165700000] [id=10340]
  0x0000024639db0800 ConcurrentGCThread "G1 Refine#0" [stack: 0x000000e165700000,0x000000e165800000] [id=16412]
  0x000002463b043000 ConcurrentGCThread "G1 Refine#1" [stack: 0x000000e166600000,0x000000e166700000] [id=660]
  0x000002463ba2b000 ConcurrentGCThread "G1 Refine#2" [stack: 0x000000e166a00000,0x000000e166b00000] [id=16804]
  0x000002463dd07800 ConcurrentGCThread "G1 Refine#3" [stack: 0x000000e166b00000,0x000000e166c00000] [id=16772]
  0x0000024639db1000 ConcurrentGCThread "G1 Young RemSet Sampling" [stack: 0x000000e165800000,0x000000e165900000] [id=16508]

Threads with active compile tasks:
C2 CompilerThread0     8361 2234       4       com.android.tools.r8.internal.Pa::a (4413 bytes)
C2 CompilerThread1     8361 2293       4       com.android.tools.r8.internal.Pa::a (6176 bytes)

VM state:not at safepoint (normal execution)

VM Mutex/Monitor currently owned by a thread: None

Heap address: 0x00000000c0000000, size: 1024 MB, Compressed Oops mode: 32-bit
Narrow klass base: 0x0000000000000000, Narrow klass shift: 3
Compressed class space size: 1073741824 Address: 0x0000000100000000

Heap:
 garbage-first heap   total 385024K, used 134144K [0x00000000c0000000, 0x0000000100000000)
  region size 1024K, 23 young (23552K), 8 survivors (8192K)
 Metaspace       used 16933K, capacity 17201K, committed 17280K, reserved 1064960K
  class space    used 1725K, capacity 1866K, committed 1920K, reserved 1048576K
Heap Regions: E=young(eden), S=young(survivor), O=old, HS=humongous(starts), HC=humongous(continues), CS=collection set, F=free, A=archive, TAMS=top-at-mark-start (previous, next)
|   0|0x00000000c0000000, 0x00000000c0100000, 0x00000000c0100000|100%|HS|  |TAMS 0x00000000c0000000, 0x00000000c0100000| Complete 
|   1|0x00000000c0100000, 0x00000000c0200000, 0x00000000c0200000|100%|HC|  |TAMS 0x00000000c0100000, 0x00000000c0200000| Complete 
|   2|0x00000000c0200000, 0x00000000c0300000, 0x00000000c0300000|100%| O|  |TAMS 0x00000000c0200000, 0x00000000c0300000| Untracked 
|   3|0x00000000c0300000, 0x00000000c0400000, 0x00000000c0400000|100%| O|  |TAMS 0x00000000c0300000, 0x00000000c0400000| Untracked 
|   4|0x00000000c0400000, 0x00000000c0500000, 0x00000000c0500000|100%| O|  |TAMS 0x00000000c0400000, 0x00000000c0500000| Untracked 
|   5|0x00000000c0500000, 0x00000000c0600000, 0x00000000c0600000|100%| O|  |TAMS 0x00000000c0500000, 0x00000000c0600000| Untracked 
|   6|0x00000000c0600000, 0x00000000c0700000, 0x00000000c0700000|100%| O|  |TAMS 0x00000000c0600000, 0x00000000c0700000| Untracked 
|   7|0x00000000c0700000, 0x00000000c0800000, 0x00000000c0800000|100%| O|  |TAMS 0x00000000c0700000, 0x00000000c0800000| Untracked 
|   8|0x00000000c0800000, 0x00000000c0900000, 0x00000000c0900000|100%| O|  |TAMS 0x00000000c0800000, 0x00000000c0900000| Untracked 
|   9|0x00000000c0900000, 0x00000000c0a00000, 0x00000000c0a00000|100%| O|  |TAMS 0x00000000c0900000, 0x00000000c0a00000| Untracked 
|  10|0x00000000c0a00000, 0x00000000c0b00000, 0x00000000c0b00000|100%| O|  |TAMS 0x00000000c0a00000, 0x00000000c0b00000| Untracked 
|  11|0x00000000c0b00000, 0x00000000c0c00000, 0x00000000c0c00000|100%| O|  |TAMS 0x00000000c0b00000, 0x00000000c0c00000| Untracked 
|  12|0x00000000c0c00000, 0x00000000c0d00000, 0x00000000c0d00000|100%| O|  |TAMS 0x00000000c0c00000, 0x00000000c0d00000| Untracked 
|  13|0x00000000c0d00000, 0x00000000c0e00000, 0x00000000c0e00000|100%| O|  |TAMS 0x00000000c0d00000, 0x00000000c0e00000| Untracked 
|  14|0x00000000c0e00000, 0x00000000c0f00000, 0x00000000c0f00000|100%| O|  |TAMS 0x00000000c0e00000, 0x00000000c0f00000| Untracked 
|  15|0x00000000c0f00000, 0x00000000c1000000, 0x00000000c1000000|100%| O|  |TAMS 0x00000000c0f00000, 0x00000000c1000000| Untracked 
|  16|0x00000000c1000000, 0x00000000c1100000, 0x00000000c1100000|100%| O|  |TAMS 0x00000000c1000000, 0x00000000c1100000| Untracked 
|  17|0x00000000c1100000, 0x00000000c1200000, 0x00000000c1200000|100%| O|  |TAMS 0x00000000c1100000, 0x00000000c1200000| Untracked 
|  18|0x00000000c1200000, 0x00000000c1300000, 0x00000000c1300000|100%| O|  |TAMS 0x00000000c1200000, 0x00000000c1300000| Untracked 
|  19|0x00000000c1300000, 0x00000000c1400000, 0x00000000c1400000|100%| O|  |TAMS 0x00000000c1300000, 0x00000000c1400000| Untracked 
|  20|0x00000000c1400000, 0x00000000c1500000, 0x00000000c1500000|100%| O|  |TAMS 0x00000000c1400000, 0x00000000c1500000| Untracked 
|  21|0x00000000c1500000, 0x00000000c1600000, 0x00000000c1600000|100%| O|  |TAMS 0x00000000c1500000, 0x00000000c1600000| Untracked 
|  22|0x00000000c1600000, 0x00000000c1700000, 0x00000000c1700000|100%| O|  |TAMS 0x00000000c1600000, 0x00000000c1700000| Untracked 
|  23|0x00000000c1700000, 0x00000000c1800000, 0x00000000c1800000|100%| O|  |TAMS 0x00000000c1700000, 0x00000000c1800000| Untracked 
|  24|0x00000000c1800000, 0x00000000c1900000, 0x00000000c1900000|100%| O|  |TAMS 0x00000000c1800000, 0x00000000c1900000| Untracked 
|  25|0x00000000c1900000, 0x00000000c1a00000, 0x00000000c1a00000|100%| O|  |TAMS 0x00000000c1900000, 0x00000000c1a00000| Untracked 
|  26|0x00000000c1a00000, 0x00000000c1b00000, 0x00000000c1b00000|100%| O|  |TAMS 0x00000000c1a00000, 0x00000000c1b00000| Untracked 
|  27|0x00000000c1b00000, 0x00000000c1c00000, 0x00000000c1c00000|100%| O|  |TAMS 0x00000000c1b00000, 0x00000000c1c00000| Untracked 
|  28|0x00000000c1c00000, 0x00000000c1d00000, 0x00000000c1d00000|100%| O|  |TAMS 0x00000000c1c00000, 0x00000000c1d00000| Untracked 
|  29|0x00000000c1d00000, 0x00000000c1e00000, 0x00000000c1e00000|100%| O|  |TAMS 0x00000000c1d00000, 0x00000000c1e00000| Untracked 
|  30|0x00000000c1e00000, 0x00000000c1f00000, 0x00000000c1f00000|100%| O|  |TAMS 0x00000000c1e00000, 0x00000000c1f00000| Untracked 
|  31|0x00000000c1f00000, 0x00000000c2000000, 0x00000000c2000000|100%| O|  |TAMS 0x00000000c1f00000, 0x00000000c2000000| Untracked 
|  32|0x00000000c2000000, 0x00000000c2100000, 0x00000000c2100000|100%| O|  |TAMS 0x00000000c2000000, 0x00000000c2100000| Untracked 
|  33|0x00000000c2100000, 0x00000000c2200000, 0x00000000c2200000|100%| O|  |TAMS 0x00000000c2100000, 0x00000000c2200000| Untracked 
|  34|0x00000000c2200000, 0x00000000c2300000, 0x00000000c2300000|100%| O|  |TAMS 0x00000000c2200000, 0x00000000c2300000| Untracked 
|  35|0x00000000c2300000, 0x00000000c2400000, 0x00000000c2400000|100%| O|  |TAMS 0x00000000c2300000, 0x00000000c2400000| Untracked 
|  36|0x00000000c2400000, 0x00000000c2500000, 0x00000000c2500000|100%| O|  |TAMS 0x00000000c2400000, 0x00000000c2500000| Untracked 
|  37|0x00000000c2500000, 0x00000000c2600000, 0x00000000c2600000|100%| O|  |TAMS 0x00000000c2500000, 0x00000000c2600000| Untracked 
|  38|0x00000000c2600000, 0x00000000c2700000, 0x00000000c2700000|100%| O|  |TAMS 0x00000000c2600000, 0x00000000c2700000| Untracked 
|  39|0x00000000c2700000, 0x00000000c2800000, 0x00000000c2800000|100%| O|  |TAMS 0x00000000c2700000, 0x00000000c2800000| Untracked 
|  40|0x00000000c2800000, 0x00000000c2900000, 0x00000000c2900000|100%| O|  |TAMS 0x00000000c2800000, 0x00000000c2900000| Untracked 
|  41|0x00000000c2900000, 0x00000000c2a00000, 0x00000000c2a00000|100%| O|  |TAMS 0x00000000c2900000, 0x00000000c2a00000| Untracked 
|  42|0x00000000c2a00000, 0x00000000c2b00000, 0x00000000c2b00000|100%| O|  |TAMS 0x00000000c2a00000, 0x00000000c2b00000| Untracked 
|  43|0x00000000c2b00000, 0x00000000c2c00000, 0x00000000c2c00000|100%| O|  |TAMS 0x00000000c2b00000, 0x00000000c2c00000| Untracked 
|  44|0x00000000c2c00000, 0x00000000c2d00000, 0x00000000c2d00000|100%| O|  |TAMS 0x00000000c2c00000, 0x00000000c2d00000| Untracked 
|  45|0x00000000c2d00000, 0x00000000c2e00000, 0x00000000c2e00000|100%| O|  |TAMS 0x00000000c2d00000, 0x00000000c2e00000| Untracked 
|  46|0x00000000c2e00000, 0x00000000c2f00000, 0x00000000c2f00000|100%| O|  |TAMS 0x00000000c2e00000, 0x00000000c2f00000| Untracked 
|  47|0x00000000c2f00000, 0x00000000c3000000, 0x00000000c3000000|100%| O|  |TAMS 0x00000000c2f00000, 0x00000000c3000000| Untracked 
|  48|0x00000000c3000000, 0x00000000c3100000, 0x00000000c3100000|100%| O|  |TAMS 0x00000000c3000000, 0x00000000c3100000| Untracked 
|  49|0x00000000c3100000, 0x00000000c3200000, 0x00000000c3200000|100%| O|  |TAMS 0x00000000c3100000, 0x00000000c3200000| Untracked 
|  50|0x00000000c3200000, 0x00000000c3300000, 0x00000000c3300000|100%| O|  |TAMS 0x00000000c3200000, 0x00000000c3300000| Untracked 
|  51|0x00000000c3300000, 0x00000000c3400000, 0x00000000c3400000|100%| O|  |TAMS 0x00000000c3300000, 0x00000000c3400000| Untracked 
|  52|0x00000000c3400000, 0x00000000c3500000, 0x00000000c3500000|100%| O|  |TAMS 0x00000000c3400000, 0x00000000c3500000| Untracked 
|  53|0x00000000c3500000, 0x00000000c3600000, 0x00000000c3600000|100%| O|  |TAMS 0x00000000c3500000, 0x00000000c3600000| Untracked 
|  54|0x00000000c3600000, 0x00000000c3700000, 0x00000000c3700000|100%| O|  |TAMS 0x00000000c3600000, 0x00000000c3700000| Untracked 
|  55|0x00000000c3700000, 0x00000000c3800000, 0x00000000c3800000|100%| O|  |TAMS 0x00000000c3700000, 0x00000000c3800000| Untracked 
|  56|0x00000000c3800000, 0x00000000c3900000, 0x00000000c3900000|100%| O|  |TAMS 0x00000000c3800000, 0x00000000c3900000| Untracked 
|  57|0x00000000c3900000, 0x00000000c3a00000, 0x00000000c3a00000|100%| O|  |TAMS 0x00000000c3900000, 0x00000000c3a00000| Untracked 
|  58|0x00000000c3a00000, 0x00000000c3b00000, 0x00000000c3b00000|100%| O|  |TAMS 0x00000000c3a00000, 0x00000000c3b00000| Untracked 
|  59|0x00000000c3b00000, 0x00000000c3c00000, 0x00000000c3c00000|100%| O|  |TAMS 0x00000000c3b00000, 0x00000000c3c00000| Untracked 
|  60|0x00000000c3c00000, 0x00000000c3d00000, 0x00000000c3d00000|100%| O|  |TAMS 0x00000000c3c00000, 0x00000000c3d00000| Untracked 
|  61|0x00000000c3d00000, 0x00000000c3e00000, 0x00000000c3e00000|100%| O|  |TAMS 0x00000000c3d00000, 0x00000000c3e00000| Untracked 
|  62|0x00000000c3e00000, 0x00000000c3f00000, 0x00000000c3f00000|100%| O|  |TAMS 0x00000000c3e00000, 0x00000000c3f00000| Untracked 
|  63|0x00000000c3f00000, 0x00000000c4000000, 0x00000000c4000000|100%| O|  |TAMS 0x00000000c3f00000, 0x00000000c4000000| Untracked 
|  64|0x00000000c4000000, 0x00000000c4100000, 0x00000000c4100000|100%| O|  |TAMS 0x00000000c4000000, 0x00000000c4100000| Untracked 
|  65|0x00000000c4100000, 0x00000000c4200000, 0x00000000c4200000|100%| O|  |TAMS 0x00000000c4100000, 0x00000000c4200000| Untracked 
|  66|0x00000000c4200000, 0x00000000c4300000, 0x00000000c4300000|100%| O|  |TAMS 0x00000000c4200000, 0x00000000c4300000| Untracked 
|  67|0x00000000c4300000, 0x00000000c4400000, 0x00000000c4400000|100%| O|  |TAMS 0x00000000c4300000, 0x00000000c4400000| Untracked 
|  68|0x00000000c4400000, 0x00000000c4500000, 0x00000000c4500000|100%| O|  |TAMS 0x00000000c4400000, 0x00000000c4500000| Untracked 
|  69|0x00000000c4500000, 0x00000000c4600000, 0x00000000c4600000|100%| O|  |TAMS 0x00000000c4500000, 0x00000000c4600000| Untracked 
|  70|0x00000000c4600000, 0x00000000c4700000, 0x00000000c4700000|100%| O|  |TAMS 0x00000000c4600000, 0x00000000c4700000| Untracked 
|  71|0x00000000c4700000, 0x00000000c4800000, 0x00000000c4800000|100%| O|  |TAMS 0x00000000c4700000, 0x00000000c4800000| Untracked 
|  72|0x00000000c4800000, 0x00000000c4900000, 0x00000000c4900000|100%| O|  |TAMS 0x00000000c4800000, 0x00000000c4900000| Untracked 
|  73|0x00000000c4900000, 0x00000000c4a00000, 0x00000000c4a00000|100%| O|  |TAMS 0x00000000c4900000, 0x00000000c4a00000| Untracked 
|  74|0x00000000c4a00000, 0x00000000c4b00000, 0x00000000c4b00000|100%| O|  |TAMS 0x00000000c4a00000, 0x00000000c4b00000| Untracked 
|  75|0x00000000c4b00000, 0x00000000c4c00000, 0x00000000c4c00000|100%| O|  |TAMS 0x00000000c4b00000, 0x00000000c4c00000| Untracked 
|  76|0x00000000c4c00000, 0x00000000c4d00000, 0x00000000c4d00000|100%| O|  |TAMS 0x00000000c4c00000, 0x00000000c4d00000| Untracked 
|  77|0x00000000c4d00000, 0x00000000c4e00000, 0x00000000c4e00000|100%| O|  |TAMS 0x00000000c4d00000, 0x00000000c4e00000| Untracked 
|  78|0x00000000c4e00000, 0x00000000c4f00000, 0x00000000c4f00000|100%| O|  |TAMS 0x00000000c4e00000, 0x00000000c4f00000| Untracked 
|  79|0x00000000c4f00000, 0x00000000c5000000, 0x00000000c5000000|100%| O|  |TAMS 0x00000000c4f00000, 0x00000000c5000000| Untracked 
|  80|0x00000000c5000000, 0x00000000c5100000, 0x00000000c5100000|100%| O|  |TAMS 0x00000000c5000000, 0x00000000c5100000| Untracked 
|  81|0x00000000c5100000, 0x00000000c5200000, 0x00000000c5200000|100%| O|  |TAMS 0x00000000c5100000, 0x00000000c5200000| Untracked 
|  82|0x00000000c5200000, 0x00000000c5300000, 0x00000000c5300000|100%| O|  |TAMS 0x00000000c5200000, 0x00000000c5300000| Untracked 
|  83|0x00000000c5300000, 0x00000000c5400000, 0x00000000c5400000|100%| O|  |TAMS 0x00000000c5300000, 0x00000000c5400000| Untracked 
|  84|0x00000000c5400000, 0x00000000c5500000, 0x00000000c5500000|100%| O|  |TAMS 0x00000000c5400000, 0x00000000c5500000| Untracked 
|  85|0x00000000c5500000, 0x00000000c5600000, 0x00000000c5600000|100%| O|  |TAMS 0x00000000c5500000, 0x00000000c5600000| Untracked 
|  86|0x00000000c5600000, 0x00000000c5700000, 0x00000000c5700000|100%| O|  |TAMS 0x00000000c5600000, 0x00000000c5700000| Untracked 
|  87|0x00000000c5700000, 0x00000000c5800000, 0x00000000c5800000|100%| O|  |TAMS 0x00000000c5700000, 0x00000000c5800000| Untracked 
|  88|0x00000000c5800000, 0x00000000c5900000, 0x00000000c5900000|100%| O|  |TAMS 0x00000000c5800000, 0x00000000c5900000| Untracked 
|  89|0x00000000c5900000, 0x00000000c5a00000, 0x00000000c5a00000|100%| O|  |TAMS 0x00000000c5900000, 0x00000000c5a00000| Untracked 
|  90|0x00000000c5a00000, 0x00000000c5b00000, 0x00000000c5b00000|100%| O|  |TAMS 0x00000000c5a00000, 0x00000000c5b00000| Untracked 
|  91|0x00000000c5b00000, 0x00000000c5c00000, 0x00000000c5c00000|100%| O|  |TAMS 0x00000000c5b00000, 0x00000000c5c00000| Untracked 
|  92|0x00000000c5c00000, 0x00000000c5d00000, 0x00000000c5d00000|100%| O|  |TAMS 0x00000000c5c00000, 0x00000000c5d00000| Untracked 
|  93|0x00000000c5d00000, 0x00000000c5e00000, 0x00000000c5e00000|100%| O|  |TAMS 0x00000000c5d00000, 0x00000000c5e00000| Untracked 
|  94|0x00000000c5e00000, 0x00000000c5f00000, 0x00000000c5f00000|100%| O|  |TAMS 0x00000000c5e00000, 0x00000000c5f00000| Untracked 
|  95|0x00000000c5f00000, 0x00000000c6000000, 0x00000000c6000000|100%| O|  |TAMS 0x00000000c5f00000, 0x00000000c6000000| Untracked 
|  96|0x00000000c6000000, 0x00000000c6100000, 0x00000000c6100000|100%| O|  |TAMS 0x00000000c6000000, 0x00000000c6100000| Untracked 
|  97|0x00000000c6100000, 0x00000000c6200000, 0x00000000c6200000|100%| O|  |TAMS 0x00000000c6100000, 0x00000000c6200000| Untracked 
|  98|0x00000000c6200000, 0x00000000c6300000, 0x00000000c6300000|100%| O|  |TAMS 0x00000000c6200000, 0x00000000c6300000| Untracked 
|  99|0x00000000c6300000, 0x00000000c6400000, 0x00000000c6400000|100%| O|  |TAMS 0x00000000c6300000, 0x00000000c6400000| Untracked 
| 100|0x00000000c6400000, 0x00000000c6500000, 0x00000000c6500000|100%| O|  |TAMS 0x00000000c6400000, 0x00000000c6500000| Untracked 
| 101|0x00000000c6500000, 0x00000000c6600000, 0x00000000c6600000|100%| O|  |TAMS 0x00000000c6500000, 0x00000000c6600000| Untracked 
| 102|0x00000000c6600000, 0x00000000c6700000, 0x00000000c6700000|100%| O|  |TAMS 0x00000000c6600000, 0x00000000c6700000| Untracked 
| 103|0x00000000c6700000, 0x00000000c6800000, 0x00000000c6800000|100%| O|  |TAMS 0x00000000c6700000, 0x00000000c6800000| Untracked 
| 104|0x00000000c6800000, 0x00000000c6900000, 0x00000000c6900000|100%| O|  |TAMS 0x00000000c6800000, 0x00000000c6900000| Untracked 
| 105|0x00000000c6900000, 0x00000000c6a00000, 0x00000000c6a00000|100%| O|  |TAMS 0x00000000c6900000, 0x00000000c6a00000| Untracked 
| 106|0x00000000c6a00000, 0x00000000c6b00000, 0x00000000c6b00000|100%| O|  |TAMS 0x00000000c6a00000, 0x00000000c6b00000| Untracked 
| 107|0x00000000c6b00000, 0x00000000c6c00000, 0x00000000c6c00000|100%| O|  |TAMS 0x00000000c6b00000, 0x00000000c6c00000| Untracked 
| 108|0x00000000c6c00000, 0x00000000c6d00000, 0x00000000c6d00000|100%|HS|  |TAMS 0x00000000c6c00000, 0x00000000c6c00000| Complete 
| 109|0x00000000c6d00000, 0x00000000c6d00000, 0x00000000c6e00000|  0%| F|  |TAMS 0x00000000c6d00000, 0x00000000c6d00000| Untracked 
| 110|0x00000000c6e00000, 0x00000000c6e00000, 0x00000000c6f00000|  0%| F|  |TAMS 0x00000000c6e00000, 0x00000000c6e00000| Untracked 
| 111|0x00000000c6f00000, 0x00000000c6f00000, 0x00000000c7000000|  0%| F|  |TAMS 0x00000000c6f00000, 0x00000000c6f00000| Untracked 
| 112|0x00000000c7000000, 0x00000000c7000000, 0x00000000c7100000|  0%| F|  |TAMS 0x00000000c7000000, 0x00000000c7000000| Untracked 
| 113|0x00000000c7100000, 0x00000000c7100000, 0x00000000c7200000|  0%| F|  |TAMS 0x00000000c7100000, 0x00000000c7100000| Untracked 
| 114|0x00000000c7200000, 0x00000000c7200000, 0x00000000c7300000|  0%| F|  |TAMS 0x00000000c7200000, 0x00000000c7200000| Untracked 
| 115|0x00000000c7300000, 0x00000000c7300000, 0x00000000c7400000|  0%| F|  |TAMS 0x00000000c7300000, 0x00000000c7300000| Untracked 
| 116|0x00000000c7400000, 0x00000000c7400000, 0x00000000c7500000|  0%| F|  |TAMS 0x00000000c7400000, 0x00000000c7400000| Untracked 
| 117|0x00000000c7500000, 0x00000000c7500000, 0x00000000c7600000|  0%| F|  |TAMS 0x00000000c7500000, 0x00000000c7500000| Untracked 
| 118|0x00000000c7600000, 0x00000000c7600000, 0x00000000c7700000|  0%| F|  |TAMS 0x00000000c7600000, 0x00000000c7600000| Untracked 
| 119|0x00000000c7700000, 0x00000000c7700000, 0x00000000c7800000|  0%| F|  |TAMS 0x00000000c7700000, 0x00000000c7700000| Untracked 
| 120|0x00000000c7800000, 0x00000000c7800000, 0x00000000c7900000|  0%| F|  |TAMS 0x00000000c7800000, 0x00000000c7800000| Untracked 
| 121|0x00000000c7900000, 0x00000000c7900000, 0x00000000c7a00000|  0%| F|  |TAMS 0x00000000c7900000, 0x00000000c7900000| Untracked 
| 122|0x00000000c7a00000, 0x00000000c7a00000, 0x00000000c7b00000|  0%| F|  |TAMS 0x00000000c7a00000, 0x00000000c7a00000| Untracked 
| 123|0x00000000c7b00000, 0x00000000c7b00000, 0x00000000c7c00000|  0%| F|  |TAMS 0x00000000c7b00000, 0x00000000c7b00000| Untracked 
| 124|0x00000000c7c00000, 0x00000000c7c00000, 0x00000000c7d00000|  0%| F|  |TAMS 0x00000000c7c00000, 0x00000000c7c00000| Untracked 
| 125|0x00000000c7d00000, 0x00000000c7d00000, 0x00000000c7e00000|  0%| F|  |TAMS 0x00000000c7d00000, 0x00000000c7d00000| Untracked 
| 126|0x00000000c7e00000, 0x00000000c7e00000, 0x00000000c7f00000|  0%| F|  |TAMS 0x00000000c7e00000, 0x00000000c7e00000| Untracked 
| 127|0x00000000c7f00000, 0x00000000c7f00000, 0x00000000c8000000|  0%| F|  |TAMS 0x00000000c7f00000, 0x00000000c7f00000| Untracked 
| 128|0x00000000c8000000, 0x00000000c8000000, 0x00000000c8100000|  0%| F|  |TAMS 0x00000000c8000000, 0x00000000c8000000| Untracked 
| 129|0x00000000c8100000, 0x00000000c8100000, 0x00000000c8200000|  0%| F|  |TAMS 0x00000000c8100000, 0x00000000c8100000| Untracked 
| 130|0x00000000c8200000, 0x00000000c8200000, 0x00000000c8300000|  0%| F|  |TAMS 0x00000000c8200000, 0x00000000c8200000| Untracked 
| 131|0x00000000c8300000, 0x00000000c8300000, 0x00000000c8400000|  0%| F|  |TAMS 0x00000000c8300000, 0x00000000c8300000| Untracked 
| 132|0x00000000c8400000, 0x00000000c8400000, 0x00000000c8500000|  0%| F|  |TAMS 0x00000000c8400000, 0x00000000c8400000| Untracked 
| 133|0x00000000c8500000, 0x00000000c8500000, 0x00000000c8600000|  0%| F|  |TAMS 0x00000000c8500000, 0x00000000c8500000| Untracked 
| 134|0x00000000c8600000, 0x00000000c8600000, 0x00000000c8700000|  0%| F|  |TAMS 0x00000000c8600000, 0x00000000c8600000| Untracked 
| 135|0x00000000c8700000, 0x00000000c8700000, 0x00000000c8800000|  0%| F|  |TAMS 0x00000000c8700000, 0x00000000c8700000| Untracked 
| 136|0x00000000c8800000, 0x00000000c8800000, 0x00000000c8900000|  0%| F|  |TAMS 0x00000000c8800000, 0x00000000c8800000| Untracked 
| 137|0x00000000c8900000, 0x00000000c8900000, 0x00000000c8a00000|  0%| F|  |TAMS 0x00000000c8900000, 0x00000000c8900000| Untracked 
| 138|0x00000000c8a00000, 0x00000000c8a00000, 0x00000000c8b00000|  0%| F|  |TAMS 0x00000000c8a00000, 0x00000000c8a00000| Untracked 
| 139|0x00000000c8b00000, 0x00000000c8b00000, 0x00000000c8c00000|  0%| F|  |TAMS 0x00000000c8b00000, 0x00000000c8b00000| Untracked 
| 140|0x00000000c8c00000, 0x00000000c8c00000, 0x00000000c8d00000|  0%| F|  |TAMS 0x00000000c8c00000, 0x00000000c8c00000| Untracked 
| 141|0x00000000c8d00000, 0x00000000c8d00000, 0x00000000c8e00000|  0%| F|  |TAMS 0x00000000c8d00000, 0x00000000c8d00000| Untracked 
| 142|0x00000000c8e00000, 0x00000000c8e00000, 0x00000000c8f00000|  0%| F|  |TAMS 0x00000000c8e00000, 0x00000000c8e00000| Untracked 
| 143|0x00000000c8f00000, 0x00000000c8f00000, 0x00000000c9000000|  0%| F|  |TAMS 0x00000000c8f00000, 0x00000000c8f00000| Untracked 
| 144|0x00000000c9000000, 0x00000000c9100000, 0x00000000c9100000|100%| S|CS|TAMS 0x00000000c9000000, 0x00000000c9000000| Complete 
| 145|0x00000000c9100000, 0x00000000c9200000, 0x00000000c9200000|100%| S|CS|TAMS 0x00000000c9100000, 0x00000000c9100000| Complete 
| 146|0x00000000c9200000, 0x00000000c9300000, 0x00000000c9300000|100%| S|CS|TAMS 0x00000000c9200000, 0x00000000c9200000| Complete 
| 147|0x00000000c9300000, 0x00000000c9400000, 0x00000000c9400000|100%| S|CS|TAMS 0x00000000c9300000, 0x00000000c9300000| Complete 
| 148|0x00000000c9400000, 0x00000000c9500000, 0x00000000c9500000|100%| S|CS|TAMS 0x00000000c9400000, 0x00000000c9400000| Complete 
| 149|0x00000000c9500000, 0x00000000c9500000, 0x00000000c9600000|  0%| F|  |TAMS 0x00000000c9500000, 0x00000000c9500000| Untracked 
| 150|0x00000000c9600000, 0x00000000c9600000, 0x00000000c9700000|  0%| F|  |TAMS 0x00000000c9600000, 0x00000000c9600000| Untracked 
| 151|0x00000000c9700000, 0x00000000c9700000, 0x00000000c9800000|  0%| F|  |TAMS 0x00000000c9700000, 0x00000000c9700000| Untracked 
| 152|0x00000000c9800000, 0x00000000c9800000, 0x00000000c9900000|  0%| F|  |TAMS 0x00000000c9800000, 0x00000000c9800000| Untracked 
| 153|0x00000000c9900000, 0x00000000c9900000, 0x00000000c9a00000|  0%| F|  |TAMS 0x00000000c9900000, 0x00000000c9900000| Untracked 
| 154|0x00000000c9a00000, 0x00000000c9a00000, 0x00000000c9b00000|  0%| F|  |TAMS 0x00000000c9a00000, 0x00000000c9a00000| Untracked 
| 155|0x00000000c9b00000, 0x00000000c9b00000, 0x00000000c9c00000|  0%| F|  |TAMS 0x00000000c9b00000, 0x00000000c9b00000| Untracked 
| 156|0x00000000c9c00000, 0x00000000c9c00000, 0x00000000c9d00000|  0%| F|  |TAMS 0x00000000c9c00000, 0x00000000c9c00000| Untracked 
| 157|0x00000000c9d00000, 0x00000000c9d00000, 0x00000000c9e00000|  0%| F|  |TAMS 0x00000000c9d00000, 0x00000000c9d00000| Untracked 
| 158|0x00000000c9e00000, 0x00000000c9f00000, 0x00000000c9f00000|100%| S|CS|TAMS 0x00000000c9e00000, 0x00000000c9e00000| Complete 
| 159|0x00000000c9f00000, 0x00000000ca000000, 0x00000000ca000000|100%| S|CS|TAMS 0x00000000c9f00000, 0x00000000c9f00000| Complete 
| 160|0x00000000ca000000, 0x00000000ca100000, 0x00000000ca100000|100%| S|CS|TAMS 0x00000000ca000000, 0x00000000ca000000| Complete 
| 161|0x00000000ca100000, 0x00000000ca100000, 0x00000000ca200000|  0%| F|  |TAMS 0x00000000ca100000, 0x00000000ca100000| Untracked 
| 162|0x00000000ca200000, 0x00000000ca200000, 0x00000000ca300000|  0%| F|  |TAMS 0x00000000ca200000, 0x00000000ca200000| Untracked 
| 163|0x00000000ca300000, 0x00000000ca300000, 0x00000000ca400000|  0%| F|  |TAMS 0x00000000ca300000, 0x00000000ca300000| Untracked 
| 164|0x00000000ca400000, 0x00000000ca400000, 0x00000000ca500000|  0%| F|  |TAMS 0x00000000ca400000, 0x00000000ca400000| Untracked 
| 165|0x00000000ca500000, 0x00000000ca500000, 0x00000000ca600000|  0%| F|  |TAMS 0x00000000ca500000, 0x00000000ca500000| Untracked 
| 166|0x00000000ca600000, 0x00000000ca600000, 0x00000000ca700000|  0%| F|  |TAMS 0x00000000ca600000, 0x00000000ca600000| Untracked 
| 167|0x00000000ca700000, 0x00000000ca700000, 0x00000000ca800000|  0%| F|  |TAMS 0x00000000ca700000, 0x00000000ca700000| Untracked 
| 168|0x00000000ca800000, 0x00000000ca800000, 0x00000000ca900000|  0%| F|  |TAMS 0x00000000ca800000, 0x00000000ca800000| Untracked 
| 169|0x00000000ca900000, 0x00000000ca900000, 0x00000000caa00000|  0%| F|  |TAMS 0x00000000ca900000, 0x00000000ca900000| Untracked 
| 170|0x00000000caa00000, 0x00000000caa00000, 0x00000000cab00000|  0%| F|  |TAMS 0x00000000caa00000, 0x00000000caa00000| Untracked 
| 171|0x00000000cab00000, 0x00000000cab00000, 0x00000000cac00000|  0%| F|  |TAMS 0x00000000cab00000, 0x00000000cab00000| Untracked 
| 172|0x00000000cac00000, 0x00000000cac00000, 0x00000000cad00000|  0%| F|  |TAMS 0x00000000cac00000, 0x00000000cac00000| Untracked 
| 173|0x00000000cad00000, 0x00000000cad00000, 0x00000000cae00000|  0%| F|  |TAMS 0x00000000cad00000, 0x00000000cad00000| Untracked 
| 174|0x00000000cae00000, 0x00000000cae00000, 0x00000000caf00000|  0%| F|  |TAMS 0x00000000cae00000, 0x00000000cae00000| Untracked 
| 175|0x00000000caf00000, 0x00000000caf00000, 0x00000000cb000000|  0%| F|  |TAMS 0x00000000caf00000, 0x00000000caf00000| Untracked 
| 176|0x00000000cb000000, 0x00000000cb000000, 0x00000000cb100000|  0%| F|  |TAMS 0x00000000cb000000, 0x00000000cb000000| Untracked 
| 177|0x00000000cb100000, 0x00000000cb100000, 0x00000000cb200000|  0%| F|  |TAMS 0x00000000cb100000, 0x00000000cb100000| Untracked 
| 178|0x00000000cb200000, 0x00000000cb200000, 0x00000000cb300000|  0%| F|  |TAMS 0x00000000cb200000, 0x00000000cb200000| Untracked 
| 179|0x00000000cb300000, 0x00000000cb300000, 0x00000000cb400000|  0%| F|  |TAMS 0x00000000cb300000, 0x00000000cb300000| Untracked 
| 180|0x00000000cb400000, 0x00000000cb400000, 0x00000000cb500000|  0%| F|  |TAMS 0x00000000cb400000, 0x00000000cb400000| Untracked 
| 181|0x00000000cb500000, 0x00000000cb500000, 0x00000000cb600000|  0%| F|  |TAMS 0x00000000cb500000, 0x00000000cb500000| Untracked 
| 182|0x00000000cb600000, 0x00000000cb600000, 0x00000000cb700000|  0%| F|  |TAMS 0x00000000cb600000, 0x00000000cb600000| Untracked 
| 183|0x00000000cb700000, 0x00000000cb700000, 0x00000000cb800000|  0%| F|  |TAMS 0x00000000cb700000, 0x00000000cb700000| Untracked 
| 184|0x00000000cb800000, 0x00000000cb800000, 0x00000000cb900000|  0%| F|  |TAMS 0x00000000cb800000, 0x00000000cb800000| Untracked 
| 185|0x00000000cb900000, 0x00000000cb900000, 0x00000000cba00000|  0%| F|  |TAMS 0x00000000cb900000, 0x00000000cb900000| Untracked 
| 186|0x00000000cba00000, 0x00000000cba00000, 0x00000000cbb00000|  0%| F|  |TAMS 0x00000000cba00000, 0x00000000cba00000| Untracked 
| 187|0x00000000cbb00000, 0x00000000cbb00000, 0x00000000cbc00000|  0%| F|  |TAMS 0x00000000cbb00000, 0x00000000cbb00000| Untracked 
| 188|0x00000000cbc00000, 0x00000000cbc00000, 0x00000000cbd00000|  0%| F|  |TAMS 0x00000000cbc00000, 0x00000000cbc00000| Untracked 
| 189|0x00000000cbd00000, 0x00000000cbd00000, 0x00000000cbe00000|  0%| F|  |TAMS 0x00000000cbd00000, 0x00000000cbd00000| Untracked 
| 190|0x00000000cbe00000, 0x00000000cbe00000, 0x00000000cbf00000|  0%| F|  |TAMS 0x00000000cbe00000, 0x00000000cbe00000| Untracked 
| 191|0x00000000cbf00000, 0x00000000cbf00000, 0x00000000cc000000|  0%| F|  |TAMS 0x00000000cbf00000, 0x00000000cbf00000| Untracked 
| 192|0x00000000cc000000, 0x00000000cc000000, 0x00000000cc100000|  0%| F|  |TAMS 0x00000000cc000000, 0x00000000cc000000| Untracked 
| 193|0x00000000cc100000, 0x00000000cc100000, 0x00000000cc200000|  0%| F|  |TAMS 0x00000000cc100000, 0x00000000cc100000| Untracked 
| 194|0x00000000cc200000, 0x00000000cc200000, 0x00000000cc300000|  0%| F|  |TAMS 0x00000000cc200000, 0x00000000cc200000| Untracked 
| 195|0x00000000cc300000, 0x00000000cc300000, 0x00000000cc400000|  0%| F|  |TAMS 0x00000000cc300000, 0x00000000cc300000| Untracked 
| 196|0x00000000cc400000, 0x00000000cc400000, 0x00000000cc500000|  0%| F|  |TAMS 0x00000000cc400000, 0x00000000cc400000| Untracked 
| 197|0x00000000cc500000, 0x00000000cc500000, 0x00000000cc600000|  0%| F|  |TAMS 0x00000000cc500000, 0x00000000cc500000| Untracked 
| 198|0x00000000cc600000, 0x00000000cc600000, 0x00000000cc700000|  0%| F|  |TAMS 0x00000000cc600000, 0x00000000cc600000| Untracked 
| 199|0x00000000cc700000, 0x00000000cc700000, 0x00000000cc800000|  0%| F|  |TAMS 0x00000000cc700000, 0x00000000cc700000| Untracked 
| 200|0x00000000cc800000, 0x00000000cc800000, 0x00000000cc900000|  0%| F|  |TAMS 0x00000000cc800000, 0x00000000cc800000| Untracked 
| 201|0x00000000cc900000, 0x00000000cc900000, 0x00000000cca00000|  0%| F|  |TAMS 0x00000000cc900000, 0x00000000cc900000| Untracked 
| 202|0x00000000cca00000, 0x00000000cca00000, 0x00000000ccb00000|  0%| F|  |TAMS 0x00000000cca00000, 0x00000000cca00000| Untracked 
| 203|0x00000000ccb00000, 0x00000000ccb00000, 0x00000000ccc00000|  0%| F|  |TAMS 0x00000000ccb00000, 0x00000000ccb00000| Untracked 
| 204|0x00000000ccc00000, 0x00000000ccc00000, 0x00000000ccd00000|  0%| F|  |TAMS 0x00000000ccc00000, 0x00000000ccc00000| Untracked 
| 205|0x00000000ccd00000, 0x00000000ccd00000, 0x00000000cce00000|  0%| F|  |TAMS 0x00000000ccd00000, 0x00000000ccd00000| Untracked 
| 206|0x00000000cce00000, 0x00000000cce00000, 0x00000000ccf00000|  0%| F|  |TAMS 0x00000000cce00000, 0x00000000cce00000| Untracked 
| 207|0x00000000ccf00000, 0x00000000ccf00000, 0x00000000cd000000|  0%| F|  |TAMS 0x00000000ccf00000, 0x00000000ccf00000| Untracked 
| 208|0x00000000cd000000, 0x00000000cd000000, 0x00000000cd100000|  0%| F|  |TAMS 0x00000000cd000000, 0x00000000cd000000| Untracked 
| 209|0x00000000cd100000, 0x00000000cd100000, 0x00000000cd200000|  0%| F|  |TAMS 0x00000000cd100000, 0x00000000cd100000| Untracked 
| 210|0x00000000cd200000, 0x00000000cd200000, 0x00000000cd300000|  0%| F|  |TAMS 0x00000000cd200000, 0x00000000cd200000| Untracked 
| 211|0x00000000cd300000, 0x00000000cd300000, 0x00000000cd400000|  0%| F|  |TAMS 0x00000000cd300000, 0x00000000cd300000| Untracked 
| 212|0x00000000cd400000, 0x00000000cd400000, 0x00000000cd500000|  0%| F|  |TAMS 0x00000000cd400000, 0x00000000cd400000| Untracked 
| 213|0x00000000cd500000, 0x00000000cd500000, 0x00000000cd600000|  0%| F|  |TAMS 0x00000000cd500000, 0x00000000cd500000| Untracked 
| 214|0x00000000cd600000, 0x00000000cd600000, 0x00000000cd700000|  0%| F|  |TAMS 0x00000000cd600000, 0x00000000cd600000| Untracked 
| 215|0x00000000cd700000, 0x00000000cd700000, 0x00000000cd800000|  0%| F|  |TAMS 0x00000000cd700000, 0x00000000cd700000| Untracked 
| 216|0x00000000cd800000, 0x00000000cd800000, 0x00000000cd900000|  0%| F|  |TAMS 0x00000000cd800000, 0x00000000cd800000| Untracked 
| 217|0x00000000cd900000, 0x00000000cd900000, 0x00000000cda00000|  0%| F|  |TAMS 0x00000000cd900000, 0x00000000cd900000| Untracked 
| 218|0x00000000cda00000, 0x00000000cda00000, 0x00000000cdb00000|  0%| F|  |TAMS 0x00000000cda00000, 0x00000000cda00000| Untracked 
| 219|0x00000000cdb00000, 0x00000000cdb00000, 0x00000000cdc00000|  0%| F|  |TAMS 0x00000000cdb00000, 0x00000000cdb00000| Untracked 
| 220|0x00000000cdc00000, 0x00000000cdc00000, 0x00000000cdd00000|  0%| F|  |TAMS 0x00000000cdc00000, 0x00000000cdc00000| Untracked 
| 221|0x00000000cdd00000, 0x00000000cdd00000, 0x00000000cde00000|  0%| F|  |TAMS 0x00000000cdd00000, 0x00000000cdd00000| Untracked 
| 222|0x00000000cde00000, 0x00000000cde00000, 0x00000000cdf00000|  0%| F|  |TAMS 0x00000000cde00000, 0x00000000cde00000| Untracked 
| 223|0x00000000cdf00000, 0x00000000cdf00000, 0x00000000ce000000|  0%| F|  |TAMS 0x00000000cdf00000, 0x00000000cdf00000| Untracked 
| 224|0x00000000ce000000, 0x00000000ce000000, 0x00000000ce100000|  0%| F|  |TAMS 0x00000000ce000000, 0x00000000ce000000| Untracked 
| 225|0x00000000ce100000, 0x00000000ce100000, 0x00000000ce200000|  0%| F|  |TAMS 0x00000000ce100000, 0x00000000ce100000| Untracked 
| 226|0x00000000ce200000, 0x00000000ce200000, 0x00000000ce300000|  0%| F|  |TAMS 0x00000000ce200000, 0x00000000ce200000| Untracked 
| 227|0x00000000ce300000, 0x00000000ce300000, 0x00000000ce400000|  0%| F|  |TAMS 0x00000000ce300000, 0x00000000ce300000| Untracked 
| 228|0x00000000ce400000, 0x00000000ce400000, 0x00000000ce500000|  0%| F|  |TAMS 0x00000000ce400000, 0x00000000ce400000| Untracked 
| 229|0x00000000ce500000, 0x00000000ce500000, 0x00000000ce600000|  0%| F|  |TAMS 0x00000000ce500000, 0x00000000ce500000| Untracked 
| 230|0x00000000ce600000, 0x00000000ce600000, 0x00000000ce700000|  0%| F|  |TAMS 0x00000000ce600000, 0x00000000ce600000| Untracked 
| 231|0x00000000ce700000, 0x00000000ce700000, 0x00000000ce800000|  0%| F|  |TAMS 0x00000000ce700000, 0x00000000ce700000| Untracked 
| 232|0x00000000ce800000, 0x00000000ce800000, 0x00000000ce900000|  0%| F|  |TAMS 0x00000000ce800000, 0x00000000ce800000| Untracked 
| 233|0x00000000ce900000, 0x00000000ce900000, 0x00000000cea00000|  0%| F|  |TAMS 0x00000000ce900000, 0x00000000ce900000| Untracked 
| 234|0x00000000cea00000, 0x00000000cea00000, 0x00000000ceb00000|  0%| F|  |TAMS 0x00000000cea00000, 0x00000000cea00000| Untracked 
| 235|0x00000000ceb00000, 0x00000000ceb00000, 0x00000000cec00000|  0%| F|  |TAMS 0x00000000ceb00000, 0x00000000ceb00000| Untracked 
| 236|0x00000000cec00000, 0x00000000cec00000, 0x00000000ced00000|  0%| F|  |TAMS 0x00000000cec00000, 0x00000000cec00000| Untracked 
| 237|0x00000000ced00000, 0x00000000ced00000, 0x00000000cee00000|  0%| F|  |TAMS 0x00000000ced00000, 0x00000000ced00000| Untracked 
| 238|0x00000000cee00000, 0x00000000cee00000, 0x00000000cef00000|  0%| F|  |TAMS 0x00000000cee00000, 0x00000000cee00000| Untracked 
| 239|0x00000000cef00000, 0x00000000cef00000, 0x00000000cf000000|  0%| F|  |TAMS 0x00000000cef00000, 0x00000000cef00000| Untracked 
| 240|0x00000000cf000000, 0x00000000cf000000, 0x00000000cf100000|  0%| F|  |TAMS 0x00000000cf000000, 0x00000000cf000000| Untracked 
| 241|0x00000000cf100000, 0x00000000cf100000, 0x00000000cf200000|  0%| F|  |TAMS 0x00000000cf100000, 0x00000000cf100000| Untracked 
| 242|0x00000000cf200000, 0x00000000cf200000, 0x00000000cf300000|  0%| F|  |TAMS 0x00000000cf200000, 0x00000000cf200000| Untracked 
| 243|0x00000000cf300000, 0x00000000cf300000, 0x00000000cf400000|  0%| F|  |TAMS 0x00000000cf300000, 0x00000000cf300000| Untracked 
| 244|0x00000000cf400000, 0x00000000cf400000, 0x00000000cf500000|  0%| F|  |TAMS 0x00000000cf400000, 0x00000000cf400000| Untracked 
| 245|0x00000000cf500000, 0x00000000cf500000, 0x00000000cf600000|  0%| F|  |TAMS 0x00000000cf500000, 0x00000000cf500000| Untracked 
| 246|0x00000000cf600000, 0x00000000cf600000, 0x00000000cf700000|  0%| F|  |TAMS 0x00000000cf600000, 0x00000000cf600000| Untracked 
| 247|0x00000000cf700000, 0x00000000cf700000, 0x00000000cf800000|  0%| F|  |TAMS 0x00000000cf700000, 0x00000000cf700000| Untracked 
| 248|0x00000000cf800000, 0x00000000cf800000, 0x00000000cf900000|  0%| F|  |TAMS 0x00000000cf800000, 0x00000000cf800000| Untracked 
| 249|0x00000000cf900000, 0x00000000cf900000, 0x00000000cfa00000|  0%| F|  |TAMS 0x00000000cf900000, 0x00000000cf900000| Untracked 
| 250|0x00000000cfa00000, 0x00000000cfa00000, 0x00000000cfb00000|  0%| F|  |TAMS 0x00000000cfa00000, 0x00000000cfa00000| Untracked 
| 251|0x00000000cfb00000, 0x00000000cfb00000, 0x00000000cfc00000|  0%| F|  |TAMS 0x00000000cfb00000, 0x00000000cfb00000| Untracked 
| 252|0x00000000cfc00000, 0x00000000cfc00000, 0x00000000cfd00000|  0%| F|  |TAMS 0x00000000cfc00000, 0x00000000cfc00000| Untracked 
| 253|0x00000000cfd00000, 0x00000000cfd00000, 0x00000000cfe00000|  0%| F|  |TAMS 0x00000000cfd00000, 0x00000000cfd00000| Untracked 
| 254|0x00000000cfe00000, 0x00000000cfe00000, 0x00000000cff00000|  0%| F|  |TAMS 0x00000000cfe00000, 0x00000000cfe00000| Untracked 
| 255|0x00000000cff00000, 0x00000000cff00000, 0x00000000d0000000|  0%| F|  |TAMS 0x00000000cff00000, 0x00000000cff00000| Untracked 
| 256|0x00000000d0000000, 0x00000000d0000000, 0x00000000d0100000|  0%| F|  |TAMS 0x00000000d0000000, 0x00000000d0000000| Untracked 
| 257|0x00000000d0100000, 0x00000000d0100000, 0x00000000d0200000|  0%| F|  |TAMS 0x00000000d0100000, 0x00000000d0100000| Untracked 
| 258|0x00000000d0200000, 0x00000000d0200000, 0x00000000d0300000|  0%| F|  |TAMS 0x00000000d0200000, 0x00000000d0200000| Untracked 
| 259|0x00000000d0300000, 0x00000000d0300000, 0x00000000d0400000|  0%| F|  |TAMS 0x00000000d0300000, 0x00000000d0300000| Untracked 
| 260|0x00000000d0400000, 0x00000000d0400000, 0x00000000d0500000|  0%| F|  |TAMS 0x00000000d0400000, 0x00000000d0400000| Untracked 
| 261|0x00000000d0500000, 0x00000000d0500000, 0x00000000d0600000|  0%| F|  |TAMS 0x00000000d0500000, 0x00000000d0500000| Untracked 
| 262|0x00000000d0600000, 0x00000000d0600000, 0x00000000d0700000|  0%| F|  |TAMS 0x00000000d0600000, 0x00000000d0600000| Untracked 
| 263|0x00000000d0700000, 0x00000000d0700000, 0x00000000d0800000|  0%| F|  |TAMS 0x00000000d0700000, 0x00000000d0700000| Untracked 
| 264|0x00000000d0800000, 0x00000000d0800000, 0x00000000d0900000|  0%| F|  |TAMS 0x00000000d0800000, 0x00000000d0800000| Untracked 
| 265|0x00000000d0900000, 0x00000000d0900000, 0x00000000d0a00000|  0%| F|  |TAMS 0x00000000d0900000, 0x00000000d0900000| Untracked 
| 266|0x00000000d0a00000, 0x00000000d0a00000, 0x00000000d0b00000|  0%| F|  |TAMS 0x00000000d0a00000, 0x00000000d0a00000| Untracked 
| 267|0x00000000d0b00000, 0x00000000d0b00000, 0x00000000d0c00000|  0%| F|  |TAMS 0x00000000d0b00000, 0x00000000d0b00000| Untracked 
| 268|0x00000000d0c00000, 0x00000000d0c00000, 0x00000000d0d00000|  0%| F|  |TAMS 0x00000000d0c00000, 0x00000000d0c00000| Untracked 
| 269|0x00000000d0d00000, 0x00000000d0d00000, 0x00000000d0e00000|  0%| F|  |TAMS 0x00000000d0d00000, 0x00000000d0d00000| Untracked 
| 270|0x00000000d0e00000, 0x00000000d0e00000, 0x00000000d0f00000|  0%| F|  |TAMS 0x00000000d0e00000, 0x00000000d0e00000| Untracked 
| 271|0x00000000d0f00000, 0x00000000d0f00000, 0x00000000d1000000|  0%| F|  |TAMS 0x00000000d0f00000, 0x00000000d0f00000| Untracked 
| 272|0x00000000d1000000, 0x00000000d1000000, 0x00000000d1100000|  0%| F|  |TAMS 0x00000000d1000000, 0x00000000d1000000| Untracked 
| 273|0x00000000d1100000, 0x00000000d1100000, 0x00000000d1200000|  0%| F|  |TAMS 0x00000000d1100000, 0x00000000d1100000| Untracked 
| 274|0x00000000d1200000, 0x00000000d1200000, 0x00000000d1300000|  0%| F|  |TAMS 0x00000000d1200000, 0x00000000d1200000| Untracked 
| 275|0x00000000d1300000, 0x00000000d1300000, 0x00000000d1400000|  0%| F|  |TAMS 0x00000000d1300000, 0x00000000d1300000| Untracked 
| 276|0x00000000d1400000, 0x00000000d1400000, 0x00000000d1500000|  0%| F|  |TAMS 0x00000000d1400000, 0x00000000d1400000| Untracked 
| 277|0x00000000d1500000, 0x00000000d1500000, 0x00000000d1600000|  0%| F|  |TAMS 0x00000000d1500000, 0x00000000d1500000| Untracked 
| 278|0x00000000d1600000, 0x00000000d1600000, 0x00000000d1700000|  0%| F|  |TAMS 0x00000000d1600000, 0x00000000d1600000| Untracked 
| 279|0x00000000d1700000, 0x00000000d1700000, 0x00000000d1800000|  0%| F|  |TAMS 0x00000000d1700000, 0x00000000d1700000| Untracked 
| 280|0x00000000d1800000, 0x00000000d1800000, 0x00000000d1900000|  0%| F|  |TAMS 0x00000000d1800000, 0x00000000d1800000| Untracked 
| 281|0x00000000d1900000, 0x00000000d1900000, 0x00000000d1a00000|  0%| F|  |TAMS 0x00000000d1900000, 0x00000000d1900000| Untracked 
| 282|0x00000000d1a00000, 0x00000000d1a00000, 0x00000000d1b00000|  0%| F|  |TAMS 0x00000000d1a00000, 0x00000000d1a00000| Untracked 
| 283|0x00000000d1b00000, 0x00000000d1b00000, 0x00000000d1c00000|  0%| F|  |TAMS 0x00000000d1b00000, 0x00000000d1b00000| Untracked 
| 284|0x00000000d1c00000, 0x00000000d1c00000, 0x00000000d1d00000|  0%| F|  |TAMS 0x00000000d1c00000, 0x00000000d1c00000| Untracked 
| 285|0x00000000d1d00000, 0x00000000d1d00000, 0x00000000d1e00000|  0%| F|  |TAMS 0x00000000d1d00000, 0x00000000d1d00000| Untracked 
| 286|0x00000000d1e00000, 0x00000000d1e00000, 0x00000000d1f00000|  0%| F|  |TAMS 0x00000000d1e00000, 0x00000000d1e00000| Untracked 
| 287|0x00000000d1f00000, 0x00000000d1f00000, 0x00000000d2000000|  0%| F|  |TAMS 0x00000000d1f00000, 0x00000000d1f00000| Untracked 
| 288|0x00000000d2000000, 0x00000000d2000000, 0x00000000d2100000|  0%| F|  |TAMS 0x00000000d2000000, 0x00000000d2000000| Untracked 
| 289|0x00000000d2100000, 0x00000000d2100000, 0x00000000d2200000|  0%| F|  |TAMS 0x00000000d2100000, 0x00000000d2100000| Untracked 
| 290|0x00000000d2200000, 0x00000000d2200000, 0x00000000d2300000|  0%| F|  |TAMS 0x00000000d2200000, 0x00000000d2200000| Untracked 
| 291|0x00000000d2300000, 0x00000000d2300000, 0x00000000d2400000|  0%| F|  |TAMS 0x00000000d2300000, 0x00000000d2300000| Untracked 
| 292|0x00000000d2400000, 0x00000000d2400000, 0x00000000d2500000|  0%| F|  |TAMS 0x00000000d2400000, 0x00000000d2400000| Untracked 
| 293|0x00000000d2500000, 0x00000000d2500000, 0x00000000d2600000|  0%| F|  |TAMS 0x00000000d2500000, 0x00000000d2500000| Untracked 
| 294|0x00000000d2600000, 0x00000000d2600000, 0x00000000d2700000|  0%| F|  |TAMS 0x00000000d2600000, 0x00000000d2600000| Untracked 
| 295|0x00000000d2700000, 0x00000000d2700000, 0x00000000d2800000|  0%| F|  |TAMS 0x00000000d2700000, 0x00000000d2700000| Untracked 
| 296|0x00000000d2800000, 0x00000000d2800000, 0x00000000d2900000|  0%| F|  |TAMS 0x00000000d2800000, 0x00000000d2800000| Untracked 
| 297|0x00000000d2900000, 0x00000000d2900000, 0x00000000d2a00000|  0%| F|  |TAMS 0x00000000d2900000, 0x00000000d2900000| Untracked 
| 298|0x00000000d2a00000, 0x00000000d2a00000, 0x00000000d2b00000|  0%| F|  |TAMS 0x00000000d2a00000, 0x00000000d2a00000| Untracked 
| 299|0x00000000d2b00000, 0x00000000d2b00000, 0x00000000d2c00000|  0%| F|  |TAMS 0x00000000d2b00000, 0x00000000d2b00000| Untracked 
| 300|0x00000000d2c00000, 0x00000000d2c00000, 0x00000000d2d00000|  0%| F|  |TAMS 0x00000000d2c00000, 0x00000000d2c00000| Untracked 
| 301|0x00000000d2d00000, 0x00000000d2d00000, 0x00000000d2e00000|  0%| F|  |TAMS 0x00000000d2d00000, 0x00000000d2d00000| Untracked 
| 302|0x00000000d2e00000, 0x00000000d2e00000, 0x00000000d2f00000|  0%| F|  |TAMS 0x00000000d2e00000, 0x00000000d2e00000| Untracked 
| 303|0x00000000d2f00000, 0x00000000d2f00000, 0x00000000d3000000|  0%| F|  |TAMS 0x00000000d2f00000, 0x00000000d2f00000| Untracked 
| 304|0x00000000d3000000, 0x00000000d3000000, 0x00000000d3100000|  0%| F|  |TAMS 0x00000000d3000000, 0x00000000d3000000| Untracked 
| 305|0x00000000d3100000, 0x00000000d3100000, 0x00000000d3200000|  0%| F|  |TAMS 0x00000000d3100000, 0x00000000d3100000| Untracked 
| 306|0x00000000d3200000, 0x00000000d3200000, 0x00000000d3300000|  0%| F|  |TAMS 0x00000000d3200000, 0x00000000d3200000| Untracked 
| 307|0x00000000d3300000, 0x00000000d3300000, 0x00000000d3400000|  0%| F|  |TAMS 0x00000000d3300000, 0x00000000d3300000| Untracked 
| 308|0x00000000d3400000, 0x00000000d3400000, 0x00000000d3500000|  0%| F|  |TAMS 0x00000000d3400000, 0x00000000d3400000| Untracked 
| 309|0x00000000d3500000, 0x00000000d3500000, 0x00000000d3600000|  0%| F|  |TAMS 0x00000000d3500000, 0x00000000d3500000| Untracked 
| 310|0x00000000d3600000, 0x00000000d3600000, 0x00000000d3700000|  0%| F|  |TAMS 0x00000000d3600000, 0x00000000d3600000| Untracked 
| 311|0x00000000d3700000, 0x00000000d3700000, 0x00000000d3800000|  0%| F|  |TAMS 0x00000000d3700000, 0x00000000d3700000| Untracked 
| 312|0x00000000d3800000, 0x00000000d3800000, 0x00000000d3900000|  0%| F|  |TAMS 0x00000000d3800000, 0x00000000d3800000| Untracked 
| 313|0x00000000d3900000, 0x00000000d3900000, 0x00000000d3a00000|  0%| F|  |TAMS 0x00000000d3900000, 0x00000000d3900000| Untracked 
| 314|0x00000000d3a00000, 0x00000000d3a00000, 0x00000000d3b00000|  0%| F|  |TAMS 0x00000000d3a00000, 0x00000000d3a00000| Untracked 
| 315|0x00000000d3b00000, 0x00000000d3b00000, 0x00000000d3c00000|  0%| F|  |TAMS 0x00000000d3b00000, 0x00000000d3b00000| Untracked 
| 316|0x00000000d3c00000, 0x00000000d3c00000, 0x00000000d3d00000|  0%| F|  |TAMS 0x00000000d3c00000, 0x00000000d3c00000| Untracked 
| 317|0x00000000d3d00000, 0x00000000d3d00000, 0x00000000d3e00000|  0%| F|  |TAMS 0x00000000d3d00000, 0x00000000d3d00000| Untracked 
| 318|0x00000000d3e00000, 0x00000000d3e00000, 0x00000000d3f00000|  0%| F|  |TAMS 0x00000000d3e00000, 0x00000000d3e00000| Untracked 
| 319|0x00000000d3f00000, 0x00000000d3f00000, 0x00000000d4000000|  0%| F|  |TAMS 0x00000000d3f00000, 0x00000000d3f00000| Untracked 
| 320|0x00000000d4000000, 0x00000000d4000000, 0x00000000d4100000|  0%| F|  |TAMS 0x00000000d4000000, 0x00000000d4000000| Untracked 
| 321|0x00000000d4100000, 0x00000000d4100000, 0x00000000d4200000|  0%| F|  |TAMS 0x00000000d4100000, 0x00000000d4100000| Untracked 
| 322|0x00000000d4200000, 0x00000000d4200000, 0x00000000d4300000|  0%| F|  |TAMS 0x00000000d4200000, 0x00000000d4200000| Untracked 
| 323|0x00000000d4300000, 0x00000000d4300000, 0x00000000d4400000|  0%| F|  |TAMS 0x00000000d4300000, 0x00000000d4300000| Untracked 
| 324|0x00000000d4400000, 0x00000000d4400000, 0x00000000d4500000|  0%| F|  |TAMS 0x00000000d4400000, 0x00000000d4400000| Untracked 
| 325|0x00000000d4500000, 0x00000000d4500000, 0x00000000d4600000|  0%| F|  |TAMS 0x00000000d4500000, 0x00000000d4500000| Untracked 
| 326|0x00000000d4600000, 0x00000000d4600000, 0x00000000d4700000|  0%| F|  |TAMS 0x00000000d4600000, 0x00000000d4600000| Untracked 
| 327|0x00000000d4700000, 0x00000000d4700000, 0x00000000d4800000|  0%| F|  |TAMS 0x00000000d4700000, 0x00000000d4700000| Untracked 
| 328|0x00000000d4800000, 0x00000000d4800000, 0x00000000d4900000|  0%| F|  |TAMS 0x00000000d4800000, 0x00000000d4800000| Untracked 
| 329|0x00000000d4900000, 0x00000000d4900000, 0x00000000d4a00000|  0%| F|  |TAMS 0x00000000d4900000, 0x00000000d4900000| Untracked 
| 330|0x00000000d4a00000, 0x00000000d4a00000, 0x00000000d4b00000|  0%| F|  |TAMS 0x00000000d4a00000, 0x00000000d4a00000| Untracked 
| 331|0x00000000d4b00000, 0x00000000d4b00000, 0x00000000d4c00000|  0%| F|  |TAMS 0x00000000d4b00000, 0x00000000d4b00000| Untracked 
| 332|0x00000000d4c00000, 0x00000000d4c00000, 0x00000000d4d00000|  0%| F|  |TAMS 0x00000000d4c00000, 0x00000000d4c00000| Untracked 
| 333|0x00000000d4d00000, 0x00000000d4d00000, 0x00000000d4e00000|  0%| F|  |TAMS 0x00000000d4d00000, 0x00000000d4d00000| Untracked 
| 334|0x00000000d4e00000, 0x00000000d4e00000, 0x00000000d4f00000|  0%| F|  |TAMS 0x00000000d4e00000, 0x00000000d4e00000| Untracked 
| 335|0x00000000d4f00000, 0x00000000d4f00000, 0x00000000d5000000|  0%| F|  |TAMS 0x00000000d4f00000, 0x00000000d4f00000| Untracked 
| 336|0x00000000d5000000, 0x00000000d5000000, 0x00000000d5100000|  0%| F|  |TAMS 0x00000000d5000000, 0x00000000d5000000| Untracked 
| 337|0x00000000d5100000, 0x00000000d5100000, 0x00000000d5200000|  0%| F|  |TAMS 0x00000000d5100000, 0x00000000d5100000| Untracked 
| 338|0x00000000d5200000, 0x00000000d5200000, 0x00000000d5300000|  0%| F|  |TAMS 0x00000000d5200000, 0x00000000d5200000| Untracked 
| 339|0x00000000d5300000, 0x00000000d5300000, 0x00000000d5400000|  0%| F|  |TAMS 0x00000000d5300000, 0x00000000d5300000| Untracked 
| 340|0x00000000d5400000, 0x00000000d5400000, 0x00000000d5500000|  0%| F|  |TAMS 0x00000000d5400000, 0x00000000d5400000| Untracked 
| 341|0x00000000d5500000, 0x00000000d5500000, 0x00000000d5600000|  0%| F|  |TAMS 0x00000000d5500000, 0x00000000d5500000| Untracked 
| 342|0x00000000d5600000, 0x00000000d5600000, 0x00000000d5700000|  0%| F|  |TAMS 0x00000000d5600000, 0x00000000d5600000| Untracked 
| 343|0x00000000d5700000, 0x00000000d5700000, 0x00000000d5800000|  0%| F|  |TAMS 0x00000000d5700000, 0x00000000d5700000| Untracked 
| 344|0x00000000d5800000, 0x00000000d5800000, 0x00000000d5900000|  0%| F|  |TAMS 0x00000000d5800000, 0x00000000d5800000| Untracked 
| 345|0x00000000d5900000, 0x00000000d5900000, 0x00000000d5a00000|  0%| F|  |TAMS 0x00000000d5900000, 0x00000000d5900000| Untracked 
| 346|0x00000000d5a00000, 0x00000000d5a00000, 0x00000000d5b00000|  0%| F|  |TAMS 0x00000000d5a00000, 0x00000000d5a00000| Untracked 
| 347|0x00000000d5b00000, 0x00000000d5b00000, 0x00000000d5c00000|  0%| F|  |TAMS 0x00000000d5b00000, 0x00000000d5b00000| Untracked 
| 348|0x00000000d5c00000, 0x00000000d5c00000, 0x00000000d5d00000|  0%| F|  |TAMS 0x00000000d5c00000, 0x00000000d5c00000| Untracked 
| 349|0x00000000d5d00000, 0x00000000d5d00000, 0x00000000d5e00000|  0%| F|  |TAMS 0x00000000d5d00000, 0x00000000d5d00000| Untracked 
| 350|0x00000000d5e00000, 0x00000000d5e00000, 0x00000000d5f00000|  0%| F|  |TAMS 0x00000000d5e00000, 0x00000000d5e00000| Untracked 
| 351|0x00000000d5f00000, 0x00000000d5f00000, 0x00000000d6000000|  0%| F|  |TAMS 0x00000000d5f00000, 0x00000000d5f00000| Untracked 
| 352|0x00000000d6000000, 0x00000000d6000000, 0x00000000d6100000|  0%| F|  |TAMS 0x00000000d6000000, 0x00000000d6000000| Untracked 
| 353|0x00000000d6100000, 0x00000000d6100000, 0x00000000d6200000|  0%| F|  |TAMS 0x00000000d6100000, 0x00000000d6100000| Untracked 
| 354|0x00000000d6200000, 0x00000000d6200000, 0x00000000d6300000|  0%| F|  |TAMS 0x00000000d6200000, 0x00000000d6200000| Untracked 
| 355|0x00000000d6300000, 0x00000000d6300000, 0x00000000d6400000|  0%| F|  |TAMS 0x00000000d6300000, 0x00000000d6300000| Untracked 
| 356|0x00000000d6400000, 0x00000000d6400000, 0x00000000d6500000|  0%| F|  |TAMS 0x00000000d6400000, 0x00000000d6400000| Untracked 
| 357|0x00000000d6500000, 0x00000000d6500000, 0x00000000d6600000|  0%| F|  |TAMS 0x00000000d6500000, 0x00000000d6500000| Untracked 
| 358|0x00000000d6600000, 0x00000000d6600000, 0x00000000d6700000|  0%| F|  |TAMS 0x00000000d6600000, 0x00000000d6600000| Untracked 
| 359|0x00000000d6700000, 0x00000000d6700000, 0x00000000d6800000|  0%| F|  |TAMS 0x00000000d6700000, 0x00000000d6700000| Untracked 
| 360|0x00000000d6800000, 0x00000000d6800000, 0x00000000d6900000|  0%| F|  |TAMS 0x00000000d6800000, 0x00000000d6800000| Untracked 
| 361|0x00000000d6900000, 0x00000000d6980800, 0x00000000d6a00000| 50%| E|  |TAMS 0x00000000d6900000, 0x00000000d6900000| Complete 
| 362|0x00000000d6a00000, 0x00000000d6b00000, 0x00000000d6b00000|100%| E|CS|TAMS 0x00000000d6a00000, 0x00000000d6a00000| Complete 
| 363|0x00000000d6b00000, 0x00000000d6c00000, 0x00000000d6c00000|100%| E|CS|TAMS 0x00000000d6b00000, 0x00000000d6b00000| Complete 
| 364|0x00000000d6c00000, 0x00000000d6d00000, 0x00000000d6d00000|100%| E|CS|TAMS 0x00000000d6c00000, 0x00000000d6c00000| Complete 
| 365|0x00000000d6d00000, 0x00000000d6e00000, 0x00000000d6e00000|100%| E|CS|TAMS 0x00000000d6d00000, 0x00000000d6d00000| Complete 
| 366|0x00000000d6e00000, 0x00000000d6f00000, 0x00000000d6f00000|100%| E|CS|TAMS 0x00000000d6e00000, 0x00000000d6e00000| Complete 
| 367|0x00000000d6f00000, 0x00000000d7000000, 0x00000000d7000000|100%| E|CS|TAMS 0x00000000d6f00000, 0x00000000d6f00000| Complete 
| 368|0x00000000d7000000, 0x00000000d7100000, 0x00000000d7100000|100%| E|CS|TAMS 0x00000000d7000000, 0x00000000d7000000| Complete 
| 369|0x00000000d7100000, 0x00000000d7200000, 0x00000000d7200000|100%| E|CS|TAMS 0x00000000d7100000, 0x00000000d7100000| Complete 
| 370|0x00000000d7200000, 0x00000000d7300000, 0x00000000d7300000|100%| E|CS|TAMS 0x00000000d7200000, 0x00000000d7200000| Complete 
| 371|0x00000000d7300000, 0x00000000d7400000, 0x00000000d7400000|100%| E|CS|TAMS 0x00000000d7300000, 0x00000000d7300000| Complete 
| 372|0x00000000d7400000, 0x00000000d7500000, 0x00000000d7500000|100%| E|CS|TAMS 0x00000000d7400000, 0x00000000d7400000| Complete 
| 373|0x00000000d7500000, 0x00000000d7600000, 0x00000000d7600000|100%| E|CS|TAMS 0x00000000d7500000, 0x00000000d7500000| Complete 
| 374|0x00000000d7600000, 0x00000000d7700000, 0x00000000d7700000|100%| E|CS|TAMS 0x00000000d7600000, 0x00000000d7600000| Complete 
| 375|0x00000000d7700000, 0x00000000d7800000, 0x00000000d7800000|100%| E|CS|TAMS 0x00000000d7700000, 0x00000000d7700000| Complete 

Card table byte_map: [0x0000024635670000,0x0000024635870000] _byte_map_base: 0x0000024635070000

Marking Bits (Prev, Next): (CMBitMap*) 0x000002461dd454b8, (CMBitMap*) 0x000002461dd454f0
 Prev Bits: [0x0000024635a70000, 0x0000024636a70000)
 Next Bits: [0x0000024636a70000, 0x0000024637a70000)

Polling page: 0x000002461bc60000

Metaspace:

Usage:
  Non-class:     14.98 MB capacity,    14.85 MB (>99%) used,    91.06 KB ( <1%) free+waste,    35.94 KB ( <1%) overhead. 
      Class:      1.82 MB capacity,     1.68 MB ( 92%) used,   122.38 KB (  7%) free+waste,    18.56 KB ( <1%) overhead. 
       Both:     16.80 MB capacity,    16.54 MB ( 98%) used,   213.45 KB (  1%) free+waste,    54.50 KB ( <1%) overhead. 

Virtual space:
  Non-class space:       16.00 MB reserved,      15.00 MB ( 94%) committed 
      Class space:        1.00 GB reserved,       1.88 MB ( <1%) committed 
             Both:        1.02 GB reserved,      16.88 MB (  2%) committed 

Chunk freelists:
   Non-Class:  25.00 KB
       Class:  0 bytes
        Both:  25.00 KB

MaxMetaspaceSize: 17179869184.00 GB
CompressedClassSpaceSize: 1.00 GB
Initial GC threshold: 20.80 MB
Current GC threshold: 20.80 MB
CDS: off

CodeHeap 'non-profiled nmethods': size=120064Kb used=1729Kb max_used=1729Kb free=118334Kb
 bounds [0x000002462df30000, 0x000002462e1a0000, 0x0000024635470000]
CodeHeap 'profiled nmethods': size=120000Kb used=5290Kb max_used=5290Kb free=114709Kb
 bounds [0x0000024626a00000, 0x0000024626f30000, 0x000002462df30000]
CodeHeap 'non-nmethods': size=5696Kb used=1146Kb max_used=1212Kb free=4550Kb
 bounds [0x0000024626470000, 0x00000246266e0000, 0x0000024626a00000]
 total_blobs=2622 nmethods=2228 adapters=306
 compilation: enabled
              stopped_count=0, restarted_count=0
 full_count=0

Compilation events (20 events):
Event: 7.825 Thread 0x0000024639f8a800 2272       3       com.android.tools.r8.internal.cb::a (17 bytes)
Event: 7.825 Thread 0x0000024639f8a800 nmethod 2272 0x0000024626f24c10 code [0x0000024626f24dc0, 0x0000024626f24fa8]
Event: 7.827 Thread 0x0000024639f8a800 2273       3       com.android.tools.r8.graph.y2::<init> (68 bytes)
Event: 7.827 Thread 0x0000024639f8a800 nmethod 2273 0x0000024626f25090 code [0x0000024626f252a0, 0x0000024626f25928]
Event: 7.831 Thread 0x0000024639f8a800 2274       3       com.android.tools.r8.internal.d7::<init> (41 bytes)
Event: 7.831 Thread 0x0000024639f8a800 nmethod 2274 0x0000024626f25b90 code [0x0000024626f25d60, 0x0000024626f25f98]
Event: 7.831 Thread 0x0000024639f8a800 2275       3       com.android.tools.r8.internal.Pa::a (177 bytes)
Event: 7.832 Thread 0x0000024639f8a800 nmethod 2275 0x0000024626f26090 code [0x0000024626f263c0, 0x0000024626f27df8]
Event: 7.846 Thread 0x0000024639f8a800 2278       3       com.android.tools.r8.graph.y2::a (112 bytes)
Event: 7.847 Thread 0x0000024639f8a800 nmethod 2278 0x0000024626f28690 code [0x0000024626f289c0, 0x0000024626f29eb8]
Event: 7.903 Thread 0x0000024639f8a800 2281       3       com.android.tools.r8.internal.cb::a (18 bytes)
Event: 7.903 Thread 0x0000024639f8a800 nmethod 2281 0x0000024626f2a710 code [0x0000024626f2a8e0, 0x0000024626f2aae8]
Event: 8.190 Thread 0x000002463b0d5000 nmethod 2226% 0x000002462e0ca810 code [0x000002462e0cb2e0, 0x000002462e0d6010]
Event: 8.191 Thread 0x000002463b0d5000 2277       4       com.android.tools.r8.internal.Yn$$Lambda$209/0x00000001001d0c40::test (8 bytes)
Event: 8.192 Thread 0x000002463b0d5000 nmethod 2277 0x000002462e0df210 code [0x000002462e0df3a0, 0x000002462e0df458]
Event: 8.192 Thread 0x000002463b0d5000 2244       4       com.android.tools.r8.internal.qK::hasNext (14 bytes)
Event: 8.192 Thread 0x000002463b0d5000 nmethod 2244 0x000002462e0df590 code [0x000002462e0df720, 0x000002462e0df798]
Event: 8.192 Thread 0x000002463b0d5000 2263       4       com.android.tools.r8.graph.L2$$Lambda$213/0x00000001001d1c40::accept (16 bytes)
Event: 8.201 Thread 0x000002463b0d5000 nmethod 2263 0x000002462e0df890 code [0x000002462e0dfa80, 0x000002462e0e0098]
Event: 8.201 Thread 0x000002463b0d5000 2293       4       com.android.tools.r8.internal.Pa::a (6176 bytes)

GC Heap History (20 events):
Event: 3.638 GC heap before
{Heap before GC invocations=5 (full 0):
 garbage-first heap   total 163840K, used 53805K [0x00000000c0000000, 0x0000000100000000)
  region size 1024K, 38 young (38912K), 4 survivors (4096K)
 Metaspace       used 11694K, capacity 11867K, committed 11904K, reserved 1060864K
  class space    used 1103K, capacity 1146K, committed 1152K, reserved 1048576K
}
Event: 3.643 GC heap after
{Heap after GC invocations=6 (full 0):
 garbage-first heap   total 163840K, used 26602K [0x00000000c0000000, 0x0000000100000000)
  region size 1024K, 5 young (5120K), 5 survivors (5120K)
 Metaspace       used 11694K, capacity 11867K, committed 11904K, reserved 1060864K
  class space    used 1103K, capacity 1146K, committed 1152K, reserved 1048576K
}
Event: 4.160 GC heap before
{Heap before GC invocations=6 (full 0):
 garbage-first heap   total 163840K, used 73706K [0x00000000c0000000, 0x0000000100000000)
  region size 1024K, 51 young (52224K), 5 survivors (5120K)
 Metaspace       used 13518K, capacity 13735K, committed 13952K, reserved 1062912K
  class space    used 1299K, capacity 1392K, committed 1408K, reserved 1048576K
}
Event: 4.181 GC heap after
{Heap after GC invocations=7 (full 0):
 garbage-first heap   total 163840K, used 39574K [0x00000000c0000000, 0x0000000100000000)
  region size 1024K, 7 young (7168K), 7 survivors (7168K)
 Metaspace       used 13518K, capacity 13735K, committed 13952K, reserved 1062912K
  class space    used 1299K, capacity 1392K, committed 1408K, reserved 1048576K
}
Event: 4.333 GC heap before
{Heap before GC invocations=7 (full 0):
 garbage-first heap   total 163840K, used 70294K [0x00000000c0000000, 0x0000000100000000)
  region size 1024K, 37 young (37888K), 7 survivors (7168K)
 Metaspace       used 13545K, capacity 13739K, committed 13952K, reserved 1062912K
  class space    used 1299K, capacity 1392K, committed 1408K, reserved 1048576K
}
Event: 4.357 GC heap after
{Heap after GC invocations=8 (full 0):
 garbage-first heap   total 163840K, used 47616K [0x00000000c0000000, 0x0000000100000000)
  region size 1024K, 5 young (5120K), 5 survivors (5120K)
 Metaspace       used 13545K, capacity 13739K, committed 13952K, reserved 1062912K
  class space    used 1299K, capacity 1392K, committed 1408K, reserved 1048576K
}
Event: 4.555 GC heap before
{Heap before GC invocations=8 (full 0):
 garbage-first heap   total 163840K, used 85504K [0x00000000c0000000, 0x0000000100000000)
  region size 1024K, 42 young (43008K), 5 survivors (5120K)
 Metaspace       used 13578K, capacity 13806K, committed 13952K, reserved 1062912K
  class space    used 1300K, capacity 1392K, committed 1408K, reserved 1048576K
}
Event: 4.580 GC heap after
{Heap after GC invocations=9 (full 0):
 garbage-first heap   total 163840K, used 57344K [0x00000000c0000000, 0x0000000100000000)
  region size 1024K, 6 young (6144K), 6 survivors (6144K)
 Metaspace       used 13578K, capacity 13806K, committed 13952K, reserved 1062912K
  class space    used 1300K, capacity 1392K, committed 1408K, reserved 1048576K
}
Event: 5.230 GC heap before
{Heap before GC invocations=9 (full 0):
 garbage-first heap   total 163840K, used 99328K [0x00000000c0000000, 0x0000000100000000)
  region size 1024K, 47 young (48128K), 6 survivors (6144K)
 Metaspace       used 15133K, capacity 15404K, committed 15488K, reserved 1062912K
  class space    used 1511K, capacity 1626K, committed 1664K, reserved 1048576K
}
Event: 5.257 GC heap after
{Heap after GC invocations=10 (full 0):
 garbage-first heap   total 163840K, used 65536K [0x00000000c0000000, 0x0000000100000000)
  region size 1024K, 6 young (6144K), 6 survivors (6144K)
 Metaspace       used 15133K, capacity 15404K, committed 15488K, reserved 1062912K
  class space    used 1511K, capacity 1626K, committed 1664K, reserved 1048576K
}
Event: 5.447 GC heap before
{Heap before GC invocations=10 (full 0):
 garbage-first heap   total 163840K, used 109568K [0x00000000c0000000, 0x0000000100000000)
  region size 1024K, 49 young (50176K), 6 survivors (6144K)
 Metaspace       used 15150K, capacity 15405K, committed 15488K, reserved 1062912K
  class space    used 1511K, capacity 1626K, committed 1664K, reserved 1048576K
}
Event: 5.473 GC heap after
{Heap after GC invocations=11 (full 0):
 garbage-first heap   total 219136K, used 74752K [0x00000000c0000000, 0x0000000100000000)
  region size 1024K, 7 young (7168K), 7 survivors (7168K)
 Metaspace       used 15150K, capacity 15405K, committed 15488K, reserved 1062912K
  class space    used 1511K, capacity 1626K, committed 1664K, reserved 1048576K
}
Event: 5.862 GC heap before
{Heap before GC invocations=11 (full 0):
 garbage-first heap   total 219136K, used 132096K [0x00000000c0000000, 0x0000000100000000)
  region size 1024K, 63 young (64512K), 7 survivors (7168K)
 Metaspace       used 15153K, capacity 15469K, committed 15744K, reserved 1062912K
  class space    used 1511K, capacity 1626K, committed 1664K, reserved 1048576K
}
Event: 5.982 GC heap after
{Heap after GC invocations=12 (full 0):
 garbage-first heap   total 219136K, used 86016K [0x00000000c0000000, 0x0000000100000000)
  region size 1024K, 8 young (8192K), 8 survivors (8192K)
 Metaspace       used 15153K, capacity 15469K, committed 15744K, reserved 1062912K
  class space    used 1511K, capacity 1626K, committed 1664K, reserved 1048576K
}
Event: 6.763 GC heap before
{Heap before GC invocations=12 (full 0):
 garbage-first heap   total 219136K, used 145408K [0x00000000c0000000, 0x0000000100000000)
  region size 1024K, 66 young (67584K), 8 survivors (8192K)
 Metaspace       used 16922K, capacity 17201K, committed 17280K, reserved 1064960K
  class space    used 1724K, capacity 1866K, committed 1920K, reserved 1048576K
}
Event: 6.794 GC heap after
{Heap after GC invocations=13 (full 0):
 garbage-first heap   total 219136K, used 97280K [0x00000000c0000000, 0x0000000100000000)
  region size 1024K, 9 young (9216K), 9 survivors (9216K)
 Metaspace       used 16922K, capacity 17201K, committed 17280K, reserved 1064960K
  class space    used 1724K, capacity 1866K, committed 1920K, reserved 1048576K
}
Event: 7.870 GC heap before
{Heap before GC invocations=13 (full 0):
 garbage-first heap   total 219136K, used 154624K [0x00000000c0000000, 0x0000000100000000)
  region size 1024K, 65 young (66560K), 9 survivors (9216K)
 Metaspace       used 16932K, capacity 17201K, committed 17280K, reserved 1064960K
  class space    used 1725K, capacity 1866K, committed 1920K, reserved 1048576K
}
Event: 7.893 GC heap after
{Heap after GC invocations=14 (full 0):
 garbage-first heap   total 219136K, used 108457K [0x00000000c0000000, 0x0000000100000000)
  region size 1024K, 9 young (9216K), 9 survivors (9216K)
 Metaspace       used 16932K, capacity 17201K, committed 17280K, reserved 1064960K
  class space    used 1725K, capacity 1866K, committed 1920K, reserved 1048576K
}
Event: 8.141 GC heap before
{Heap before GC invocations=14 (full 0):
 garbage-first heap   total 219136K, used 162729K [0x00000000c0000000, 0x0000000100000000)
  region size 1024K, 62 young (63488K), 9 survivors (9216K)
 Metaspace       used 16933K, capacity 17201K, committed 17280K, reserved 1064960K
  class space    used 1725K, capacity 1866K, committed 1920K, reserved 1048576K
}
Event: 8.167 GC heap after
{Heap after GC invocations=15 (full 0):
 garbage-first heap   total 385024K, used 118784K [0x00000000c0000000, 0x0000000100000000)
  region size 1024K, 8 young (8192K), 8 survivors (8192K)
 Metaspace       used 16933K, capacity 17201K, committed 17280K, reserved 1064960K
  class space    used 1725K, capacity 1866K, committed 1920K, reserved 1048576K
}

Deoptimization events (20 events):
Event: 8.061 Thread 0x000002463afa2800 DEOPT PACKING pc=0x0000024626e4999d sp=0x000000e1667fe2e0
Event: 8.061 Thread 0x000002463afa2800 DEOPT UNPACKING pc=0x00000246264ba95e sp=0x000000e1667fda78 mode 0
Event: 8.066 Thread 0x000002463afa2800 DEOPT PACKING pc=0x0000024626e4999d sp=0x000000e1667fe2e0
Event: 8.066 Thread 0x000002463afa2800 DEOPT UNPACKING pc=0x00000246264ba95e sp=0x000000e1667fda78 mode 0
Event: 8.075 Thread 0x000002463afa3800 DEOPT PACKING pc=0x0000024626e4999d sp=0x000000e1668fe030
Event: 8.075 Thread 0x000002463afa3800 DEOPT UNPACKING pc=0x00000246264ba95e sp=0x000000e1668fd7c8 mode 0
Event: 8.085 Thread 0x000002463afa2800 DEOPT PACKING pc=0x0000024626e4999d sp=0x000000e1667fe310
Event: 8.086 Thread 0x000002463afa2800 DEOPT UNPACKING pc=0x00000246264ba95e sp=0x000000e1667fdaa8 mode 0
Event: 8.136 Thread 0x000002463afa2800 DEOPT PACKING pc=0x0000024626e4999d sp=0x000000e1667fe2e0
Event: 8.136 Thread 0x000002463afa2800 DEOPT UNPACKING pc=0x00000246264ba95e sp=0x000000e1667fda78 mode 0
Event: 8.197 Thread 0x000002463afa2800 DEOPT PACKING pc=0x0000024626e47654 sp=0x000000e1667fe2e0
Event: 8.197 Thread 0x000002463afa2800 DEOPT UNPACKING pc=0x00000246264ba95e sp=0x000000e1667fda80 mode 0
Event: 8.221 Thread 0x000002463afa3800 DEOPT PACKING pc=0x0000024626d67777 sp=0x000000e1668fdd30
Event: 8.221 Thread 0x000002463afa3800 DEOPT UNPACKING pc=0x00000246264ba95e sp=0x000000e1668fd230 mode 0
Event: 8.278 Thread 0x000002463afa3800 DEOPT PACKING pc=0x0000024626e47675 sp=0x000000e1668fe290
Event: 8.278 Thread 0x000002463afa3800 DEOPT UNPACKING pc=0x00000246264ba95e sp=0x000000e1668fda30 mode 0
Event: 8.299 Thread 0x000002463afa3800 DEOPT PACKING pc=0x0000024626e475f1 sp=0x000000e1668fe290
Event: 8.299 Thread 0x000002463afa3800 DEOPT UNPACKING pc=0x00000246264ba95e sp=0x000000e1668fda30 mode 0
Event: 8.309 Thread 0x000002463afa3800 DEOPT PACKING pc=0x0000024626e47675 sp=0x000000e1668fe290
Event: 8.309 Thread 0x000002463afa3800 DEOPT UNPACKING pc=0x00000246264ba95e sp=0x000000e1668fda30 mode 0

Classes redefined (0 events):
No events

Internal exceptions (20 events):
Event: 3.758 Thread 0x000002463afa2800 Exception <a 'java/lang/IncompatibleClassChangeError'{0x00000000c9713a08}: Found class java.lang.Object, but interface was expected> (0x00000000c9713a08) thrown at [./src/hotspot/share/interpreter/linkResolver.cpp, line 839]
Event: 3.768 Thread 0x000002463afa3800 Exception <a 'java/lang/NoSuchMethodError'{0x00000000c9620730}: 'java.lang.Object java.lang.invoke.DirectMethodHandle$Holder.invokeVirtual(java.lang.Object, java.lang.Object, java.lang.Object)'> (0x00000000c9620730) thrown at [./src/hotspot/share/interpreter/linkResolver.cpp, line 773]
Event: 3.768 Thread 0x000002463afa2800 Exception <a 'java/lang/NoSuchMethodError'{0x00000000c972ad48}: 'java.lang.Object java.lang.invoke.DirectMethodHandle$Holder.invokeVirtual(java.lang.Object, java.lang.Object, java.lang.Object)'> (0x00000000c972ad48) thrown at [./src/hotspot/share/interpreter/linkResolver.cpp, line 773]
Event: 3.820 Thread 0x000002463afa3800 Exception <a 'java/lang/NoSuchMethodError'{0x00000000c96fee80}: 'long java.lang.invoke.DirectMethodHandle$Holder.invokeStatic(java.lang.Object, java.lang.Object)'> (0x00000000c96fee80) thrown at [./src/hotspot/share/interpreter/linkResolver.cpp, line 773]
Event: 3.820 Thread 0x000002463afa2800 Exception <a 'java/lang/NoSuchMethodError'{0x00000000c9557f50}: 'long java.lang.invoke.DirectMethodHandle$Holder.invokeStatic(java.lang.Object, java.lang.Object)'> (0x00000000c9557f50) thrown at [./src/hotspot/share/interpreter/linkResolver.cpp, line 773]
Event: 3.821 Thread 0x000002463afa2800 Exception <a 'java/lang/NoSuchMethodError'{0x00000000c955ad58}: 'long java.lang.invoke.DirectMethodHandle$Holder.invokeStaticInit(java.lang.Object, java.lang.Object)'> (0x00000000c955ad58) thrown at [./src/hotspot/share/interpreter/linkResolver.cpp, line 773]
Event: 3.821 Thread 0x000002463afa3800 Exception <a 'java/lang/NoSuchMethodError'{0x00000000c95826c8}: 'long java.lang.invoke.DirectMethodHandle$Holder.invokeStaticInit(java.lang.Object, java.lang.Object)'> (0x00000000c95826c8) thrown at [./src/hotspot/share/interpreter/linkResolver.cpp, line 773]
Event: 4.091 Thread 0x000002463afa2800 Exception <a 'java/lang/NoSuchMethodError'{0x00000000c7be8248}: 'void java.lang.invoke.DirectMethodHandle$Holder.invokeSpecial(java.lang.Object, java.lang.Object, java.lang.Object, java.lang.Object, java.lang.Object)'> (0x00000000c7be8248) thrown at [./src/hotspot/share/interpreter/linkResolver.cpp, line 773]
Event: 4.091 Thread 0x000002463afa3800 Exception <a 'java/lang/NoSuchMethodError'{0x00000000c7a92928}: 'void java.lang.invoke.DirectMethodHandle$Holder.invokeSpecial(java.lang.Object, java.lang.Object, java.lang.Object, java.lang.Object, java.lang.Object)'> (0x00000000c7a92928) thrown at [./src/hotspot/share/interpreter/linkResolver.cpp, line 773]
Event: 4.102 Thread 0x000002463afa2800 Exception <a 'java/lang/NoSuchMethodError'{0x00000000c7433158}: 'void java.lang.invoke.DirectMethodHandle$Holder.invokeSpecial(java.lang.Object, java.lang.Object, java.lang.Object, java.lang.Object, java.lang.Object, java.lang.Object)'> (0x00000000c7433158) thrown at [./src/hotspot/share/interpreter/linkResolver.cpp, line 773]
Event: 4.831 Thread 0x000002461dd15000 Exception <a 'java/lang/NoSuchMethodError'{0x00000000c8b9ede0}: 'int java.lang.invoke.DirectMethodHandle$Holder.invokeSpecial(java.lang.Object, java.lang.Object, java.lang.Object, java.lang.Object)'> (0x00000000c8b9ede0) thrown at [./src/hotspot/share/interpreter/linkResolver.cpp, line 773]
Event: 4.845 Thread 0x000002461dd15000 Exception <a 'java/lang/NoSuchMethodError'{0x00000000c8a09e78}: 'void java.lang.invoke.DirectMethodHandle$Holder.invokeSpecial(java.lang.Object, java.lang.Object)'> (0x00000000c8a09e78) thrown at [./src/hotspot/share/interpreter/linkResolver.cpp, line 773]
Event: 4.879 Thread 0x000002461dd15000 Exception <a 'java/lang/IncompatibleClassChangeError'{0x00000000c8ae20d0}: Found class java.lang.Object, but interface was expected> (0x00000000c8ae20d0) thrown at [./src/hotspot/share/interpreter/linkResolver.cpp, line 839]
Event: 4.880 Thread 0x000002461dd15000 Exception <a 'java/lang/NoSuchMethodError'{0x00000000c8ae6e98}: 'java.lang.Object java.lang.invoke.DirectMethodHandle$Holder.invokeStatic(java.lang.Object, java.lang.Object, java.lang.Object, int)'> (0x00000000c8ae6e98) thrown at [./src/hotspot/share/interpreter/linkResolver.cpp, line 773]
Event: 4.881 Thread 0x000002461dd15000 Exception <a 'java/lang/NoSuchMethodError'{0x00000000c8af1028}: 'void java.lang.invoke.DirectMethodHandle$Holder.invokeStatic(java.lang.Object, java.lang.Object, java.lang.Object, java.lang.Object, java.lang.Object, java.lang.Object)'> (0x00000000c8af1028) thrown at [./src/hotspot/share/interpreter/linkResolver.cpp, line 773]
Event: 4.883 Thread 0x000002461dd15000 Exception <a 'java/lang/NoSuchMethodError'{0x00000000c8aff300}: 'java.lang.Object java.lang.invoke.Invokers$Holder.linkToTargetMethod(java.lang.Object, java.lang.Object, int, java.lang.Object)'> (0x00000000c8aff300) thrown at [./src/hotspot/share/interpreter/linkResolver.cpp, line 773]
Event: 5.219 Thread 0x000002463afa2800 Implicit null exception at 0x000002462e00cb6f to 0x000002462e00cc18
Event: 6.300 Thread 0x000002461dd15000 Exception <a 'java/lang/NoSuchMethodError'{0x00000000ca9e03c0}: 'java.lang.Object java.lang.invoke.DirectMethodHandle$Holder.invokeStaticInit(java.lang.Object, java.lang.Object, java.lang.Object)'> (0x00000000ca9e03c0) thrown at [./src/hotspot/share/interpreter/linkResolver.cpp, line 773]
Event: 6.324 Thread 0x000002461dd15000 Exception <a 'java/lang/NoSuchMethodError'{0x00000000ca85c7c8}: 'java.lang.Object java.lang.invoke.DirectMethodHandle$Holder.invokeStatic(java.lang.Object, int, java.lang.Object, java.lang.Object)'> (0x00000000ca85c7c8) thrown at [./src/hotspot/share/interpreter/linkResolver.cpp, line 773]
Event: 6.561 Thread 0x000002461dd15000 Exception <a 'java/lang/NoSuchMethodError'{0x00000000ca79ed18}: 'java.lang.Object java.lang.invoke.Invokers$Holder.linkToTargetMethod(java.lang.Object, java.lang.Object, java.lang.Object, java.lang.Object, java.lang.Object, java.lang.Object)'> (0x00000000ca79ed18) thrown at [./src/hotspot/share/interpreter/linkResolver.cpp, line 773]

Events (20 events):
Event: 6.679 loading class com/android/tools/r8/graph/d3
Event: 6.679 loading class com/android/tools/r8/graph/d3 done
Event: 6.679 loading class com/android/tools/r8/internal/B7
Event: 6.679 loading class com/android/tools/r8/internal/B7 done
Event: 6.679 loading class com/android/tools/r8/graph/d3
Event: 6.679 loading class com/android/tools/r8/graph/d3 done
Event: 6.682 loading class com/android/tools/r8/graph/d3
Event: 6.682 loading class com/android/tools/r8/graph/d3 done
Event: 6.682 loading class com/android/tools/r8/internal/A7
Event: 6.682 loading class com/android/tools/r8/internal/A7 done
Event: 6.682 loading class com/android/tools/r8/internal/mH
Event: 6.682 loading class com/android/tools/r8/internal/mH done
Event: 6.759 Executing VM operation: G1CollectForAllocation
Event: 6.794 Executing VM operation: G1CollectForAllocation done
Event: 6.897 loading class com/android/tools/r8/internal/mR
Event: 6.897 loading class com/android/tools/r8/internal/mR done
Event: 7.870 Executing VM operation: G1CollectForAllocation
Event: 7.893 Executing VM operation: G1CollectForAllocation done
Event: 8.141 Executing VM operation: G1CollectForAllocation
Event: 8.167 Executing VM operation: G1CollectForAllocation done


Dynamic libraries:
0x00007ff6793e0000 - 0x00007ff6793ed000 	C:\Program Files\Microsoft\jdk-11.0.16.101-hotspot\bin\java.exe
0x00007ff84ded0000 - 0x00007ff84e0c7000 	C:\WINDOWS\SYSTEM32\ntdll.dll
0x00007ff84d960000 - 0x00007ff84da1d000 	C:\WINDOWS\System32\KERNEL32.DLL
0x00007ff84b710000 - 0x00007ff84ba06000 	C:\WINDOWS\System32\KERNELBASE.dll
0x00007ff84bb80000 - 0x00007ff84bc80000 	C:\WINDOWS\System32\ucrtbase.dll
0x00007fff52fe0000 - 0x00007fff52ff5000 	C:\Program Files\Microsoft\jdk-11.0.16.101-hotspot\bin\VCRUNTIME140.dll
0x00007fff53000000 - 0x00007fff53017000 	C:\Program Files\Microsoft\jdk-11.0.16.101-hotspot\bin\jli.dll
0x00007ff84c280000 - 0x00007ff84c41e000 	C:\WINDOWS\System32\USER32.dll
0x00007ff84b640000 - 0x00007ff84b662000 	C:\WINDOWS\System32\win32u.dll
0x00007ff8378f0000 - 0x00007ff837b8a000 	C:\WINDOWS\WinSxS\amd64_microsoft.windows.common-controls_6595b64144ccf1df_6.0.19041.3570_none_60bb2a3971f3e41a\COMCTL32.dll
0x00007ff84ce20000 - 0x00007ff84ce4c000 	C:\WINDOWS\System32\GDI32.dll
0x00007ff84c0e0000 - 0x00007ff84c17e000 	C:\WINDOWS\System32\msvcrt.dll
0x00007ff84ba60000 - 0x00007ff84bb7a000 	C:\WINDOWS\System32\gdi32full.dll
0x00007ff84b670000 - 0x00007ff84b70d000 	C:\WINDOWS\System32\msvcp_win.dll
0x00007ff84c1f0000 - 0x00007ff84c220000 	C:\WINDOWS\System32\IMM32.DLL
0x00007fff52f40000 - 0x00007fff52fdb000 	C:\Program Files\Microsoft\jdk-11.0.16.101-hotspot\bin\msvcp140.dll
0x00007fff523b0000 - 0x00007fff52f3a000 	C:\Program Files\Microsoft\jdk-11.0.16.101-hotspot\bin\server\jvm.dll
0x00007ff84c520000 - 0x00007ff84c5ce000 	C:\WINDOWS\System32\ADVAPI32.dll
0x00007ff84c420000 - 0x00007ff84c4bc000 	C:\WINDOWS\System32\sechost.dll
0x00007ff84c7f0000 - 0x00007ff84c916000 	C:\WINDOWS\System32\RPCRT4.dll
0x00007ff84ce10000 - 0x00007ff84ce18000 	C:\WINDOWS\System32\PSAPI.DLL
0x00007ff8430d0000 - 0x00007ff8430d9000 	C:\WINDOWS\SYSTEM32\WSOCK32.dll
0x00007ff841c60000 - 0x00007ff841c87000 	C:\WINDOWS\SYSTEM32\WINMM.dll
0x00007ff842900000 - 0x00007ff84290a000 	C:\WINDOWS\SYSTEM32\VERSION.dll
0x00007ff84c5d0000 - 0x00007ff84c63b000 	C:\WINDOWS\System32\WS2_32.dll
0x00007ff849430000 - 0x00007ff849442000 	C:\WINDOWS\SYSTEM32\kernel.appcore.dll
0x00007ffff7810000 - 0x00007ffff7820000 	C:\Program Files\Microsoft\jdk-11.0.16.101-hotspot\bin\verify.dll
0x00007ff840d50000 - 0x00007ff840f34000 	C:\WINDOWS\SYSTEM32\DBGHELP.DLL
0x00007ff840ce0000 - 0x00007ff840d14000 	C:\WINDOWS\SYSTEM32\dbgcore.DLL
0x00007ff84b5b0000 - 0x00007ff84b632000 	C:\WINDOWS\System32\bcryptPrimitives.dll
0x00007fff52380000 - 0x00007fff523a8000 	C:\Program Files\Microsoft\jdk-11.0.16.101-hotspot\bin\java.dll
0x00007fffe52b0000 - 0x00007fffe52ba000 	C:\Program Files\Microsoft\jdk-11.0.16.101-hotspot\bin\jimage.dll
0x00007fff52360000 - 0x00007fff52378000 	C:\Program Files\Microsoft\jdk-11.0.16.101-hotspot\bin\zip.dll
0x00007ff84d0f0000 - 0x00007ff84d834000 	C:\WINDOWS\System32\SHELL32.dll
0x00007ff849630000 - 0x00007ff849dcb000 	C:\WINDOWS\SYSTEM32\windows.storage.dll
0x00007ff84cab0000 - 0x00007ff84ce04000 	C:\WINDOWS\System32\combase.dll
0x00007ff84af10000 - 0x00007ff84af3d000 	C:\WINDOWS\SYSTEM32\Wldp.dll
0x00007ff84ca00000 - 0x00007ff84caad000 	C:\WINDOWS\System32\SHCORE.dll
0x00007ff84c4c0000 - 0x00007ff84c515000 	C:\WINDOWS\System32\shlwapi.dll
0x00007ff84b4e0000 - 0x00007ff84b505000 	C:\WINDOWS\SYSTEM32\profapi.dll
0x00007fff521d0000 - 0x00007fff521e9000 	C:\Program Files\Microsoft\jdk-11.0.16.101-hotspot\bin\net.dll
0x00007ff8456c0000 - 0x00007ff8457ca000 	C:\WINDOWS\SYSTEM32\WINHTTP.dll
0x00007ff84acf0000 - 0x00007ff84ad5a000 	C:\WINDOWS\system32\mswsock.dll
0x00007fff521b0000 - 0x00007fff521c3000 	C:\Program Files\Microsoft\jdk-11.0.16.101-hotspot\bin\nio.dll

dbghelp: loaded successfully - version: 4.0.5 - missing functions: none
symbol engine: initialized successfully - sym options: 0x614 - pdb path: .;C:\Program Files\Microsoft\jdk-11.0.16.101-hotspot\bin;C:\WINDOWS\SYSTEM32;C:\WINDOWS\WinSxS\amd64_microsoft.windows.common-controls_6595b64144ccf1df_6.0.19041.3570_none_60bb2a3971f3e41a;C:\Program Files\Microsoft\jdk-11.0.16.101-hotspot\bin\server

VM Arguments:
jvm_args: -Xmx1G 
java_command: com.android.tools.r8.D8 --release --min-api 21 --output obj\Release\130\android\bin\ --lib D:\Android\android-sdk\platforms\android-33\android.jar obj\Release\130\android\bin\classes.zip C:\Program Files\Microsoft Visual Studio\2022\Community\Common7\IDE\ReferenceAssemblies\Microsoft\Framework\MonoAndroid\v13.0\mono.android.jar C:\Program Files\Microsoft Visual Studio\2022\Community\MSBuild\Xamarin\Android\\java_runtime.jar C:\Users\devRichard\.nuget\packages\xamarin.google.guava.listenablefuture\1.0.0.2\buildTransitive\monoandroid50\guava-listenablefuture.jar C:\Users\devRichard\.nuget\packages\xamarin.androidx.annotation\1.2.0.1\buildTransitive\monoandroid90\..\..\jar\androidx.annotation.annotation.jar C:\Users\devRichard\.nuget\packages\xamarin.androidx.collection\1.1.0.8\buildTransitive\monoandroid90\..\..\jar\androidx.collection.collection.jar C:\Users\devRichard\.nuget\packages\xamarin.androidx.lifecycle.common\2.3.1.1\buildTransitive\monoandroid90\..\..\jar\androidx.lifecycle.lifecycle-common.jar C:\Users\devRichard\.nuget\packages\xamarin.androidx.arch.core.common\2.1.0.9\buildTransitive\monoandroid90\..\..\jar\androidx.arch.core.core-common.jar C:\Users\devRichard\.nuget\packages\xamarin.androidx.constraintlayout.core\1.0.0\buildTransitive\monoandroid90\..\..\jar\androidx.constraintlayout.constraintlayout-core.jar C:\Users\devRichard\.nuget\packages\xamarin.androidx.concurrent.futures\1.1.0.3\buildTransitive\monoandroid90\..\..\jar\androidx.concurrent.concurrent-futures.jar obj\Release\130\lp\0\jl\formsviewgroup.jar obj\Release\130\lp\100\jl\classes.jar obj\Release\130\lp\101\jl\classes.jar obj\Release\130\lp\103\jl\classes.jar obj\Release\130\lp\58\jl\classes.jar obj\Release\130\lp\59\jl\classes.jar obj\Release\130\lp\60\jl\classes.jar obj\Release\130\lp\61\jl\classes.jar obj\Release\130\lp\62\jl\classes.jar obj\Release\130\lp\63\jl\classes.jar obj\Release\130\lp\64\jl\classes.jar obj\Release\130\lp\65\jl\classes.jar obj\Release\130\lp\66\j
java_class_path (initial): C:\Program Files\Microsoft Visual Studio\2022\Community\MSBuild\Xamarin\Android\r8.jar
Launcher Type: SUN_STANDARD

[Global flags]
     intx CICompilerCount                          = 3                                         {product} {ergonomic}
     uint ConcGCThreads                            = 1                                         {product} {ergonomic}
     uint G1ConcRefinementThreads                  = 4                                         {product} {ergonomic}
   size_t G1HeapRegionSize                         = 1048576                                   {product} {ergonomic}
    uintx GCDrainStackTargetSize                   = 64                                        {product} {ergonomic}
   size_t InitialHeapSize                          = 167772160                                 {product} {ergonomic}
   size_t MarkStackSize                            = 4194304                                   {product} {ergonomic}
   size_t MaxHeapSize                              = 1073741824                                {product} {command line}
   size_t MaxNewSize                               = 643825664                                 {product} {ergonomic}
   size_t MinHeapDeltaBytes                        = 1048576                                   {product} {ergonomic}
    uintx NonNMethodCodeHeapSize                   = 5830732                                {pd product} {ergonomic}
    uintx NonProfiledCodeHeapSize                  = 122913754                              {pd product} {ergonomic}
    uintx ProfiledCodeHeapSize                     = 122913754                              {pd product} {ergonomic}
    uintx ReservedCodeCacheSize                    = 251658240                              {pd product} {ergonomic}
     bool SegmentedCodeCache                       = true                                      {product} {ergonomic}
     bool UseCompressedClassPointers               = true                                 {lp64_product} {ergonomic}
     bool UseCompressedOops                        = true                                 {lp64_product} {ergonomic}
     bool UseG1GC                                  = true                                      {product} {ergonomic}
     bool UseLargePagesIndividualAllocation        = false                                  {pd product} {ergonomic}

Logging:
Log output configuration:
 #0: stdout all=warning uptime,level,tags
 #1: stderr all=off uptime,level,tags

Environment Variables:
PATH=C:\Program Files\Microsoft\jdk-11.0.16.101-hotspot\bin;C:\Program Files\Microsoft MPI\Bin\;C:\WINDOWS\system32;C:\WINDOWS;C:\WINDOWS\System32\Wbem;C:\WINDOWS\System32\WindowsPowerShell\v1.0\;C:\WINDOWS\System32\OpenSSH\;C:\Program Files\Docker\Docker\resources\bin;C:\Program Files\Microsoft SQL Server\150\Tools\Binn\;C:\Program Files\Microsoft SQL Server\Client SDK\ODBC\170\Tools\Binn\;C:\Program Files (x86)\Microsoft SQL Server\160\Tools\Binn\;C:\Program Files\Microsoft SQL Server\160\Tools\Binn\;C:\Program Files\Microsoft SQL Server\160\DTS\Binn\;C:\Program Files (x86)\Microsoft SQL Server\160\DTS\Binn\;C:\Program Files\dotnet\;C:\Program Files\Azure Data Studio\bin;C:\Program Files\Git\cmd;C:\Program Files\MySQL\MySQL Shell 8.0\bin\;C:\Users\devRichard\AppData\Local\Microsoft\WindowsApps;;D:\Archivo de Programas\Microsoft VS Code\bin;C:\Program Files\Azure Data Studio\bin;C:\Users\devRichard\.dotnet\tools;C:\Program Files\Azure Data Studio\bin
USERNAME=devRichard
OS=Windows_NT
PROCESSOR_IDENTIFIER=Intel64 Family 6 Model 58 Stepping 9, GenuineIntel
TMP=C:\Users\DEVRIC~1\AppData\Local\Temp
TEMP=C:\Users\DEVRIC~1\AppData\Local\Temp



---------------  S Y S T E M  ---------------

OS: Windows 10 , 64 bit Build 19041 (10.0.19041.3570)
OS uptime: 0 days 0:08 hours
Hyper-V role detected

CPU:total 4 (initial active 4) (4 cores per cpu, 1 threads per core) family 6 model 58 stepping 9 microcode 0x21, cmov, cx8, fxsr, mmx, sse, sse2, sse3, ssse3, sse4.1, sse4.2, popcnt, avx, aes, clmul, erms, tsc, tscinvbit, tscinv

Memory: 4k page, system-wide physical 10182M (378M free)
TotalPageFile size 19910M (AvailPageFile size 6225M)
current process WorkingSet (physical memory assigned to process): 363M, peak: 366M
current process commit charge ("private bytes"): 549M, peak: 553M

vm_info: OpenJDK 64-Bit Server VM (11.0.16.1+1-LTS) for windows-amd64 JRE (11.0.16.1+1-LTS), built on Aug 20 2022 20:09:04 by "" with MS VC++ 15.9 (VS2017)

END.
